alogrithm_0_100
****************************** start *********************************
Note: estimator has been enabled!

Loading rule
Loading rules from ../test/my_rules/my_acl1_20k
19922 rules loaded

Estimate before building
Overlap density = 143.333221 8.414036 0.000000 60.324883 1.493098 
Distribute = 39223 980 0 205 8 
Average density = 139.612610 
Building rule num = 19922 
Estimated time:27813624.000000 
Estimating pass
Time for estimating(us): 20672567

Building
segment_num = 39223 980 2 205 8 

segment_total = 126078411200
worst_depth = 25
average_depth = 19.009329
tree_node_num = 154239
leaf_node_num = 154240
total_memory = 2467832
depth   node    intrnl  leaf
0       1       1       0       
1       2       2       0       
2       4       4       0       
3       8       8       0       
4       16      16      0       
5       32      32      0       
6       64      64      0       
7       128     128     0       
8       256     256     0       
9       512     512     0       
10      1024    1023    1       
11      2046    2019    27      
12      4038    3756    282     
13      7512    6484    1028    
14      12968   10192   2776    
15      20384   15149   5235    
16      30298   20778   9520    
17      41556   24903   16653   
18      49806   23767   26039   
19      47534   18956   28578   
20      37912   14173   23739   
21      28346   8487    19859   
22      16974   3028    13946   
23      6056    495     5561    
24      990     6       984     
25      12      0       12      

Building pass
Time for building(us): 47862212
Loading rules from ../test/my_rules/my_acl1_100
99 rules loaded

Estimate before updating
Overlap density = 0.000000 0.010204 0.000000 64.397957 1.500000 
Meet = 0 1 0 6311 147 
Meet num = 6459
Average seg depth = 17.009453
Average density(by meet) = 62.956493
Updating rule num = 99
Base operation = 1.000000 
Adapted factor = 1.000000 
Estimated time:6232.692871 
Estimating pass
Time for estimating(us): 143400

Updating

worst_depth = 32
average_depth = 19.045347
tree_node_num = 155136
leaf_node_num = 155137
total_memory = 2482184
depth   node    intrnl  leaf
0       1       1       0       
1       2       2       0       
2       4       4       0       
3       8       8       0       
4       16      16      0       
5       32      32      0       
6       64      64      0       
7       128     128     0       
8       256     256     0       
9       512     512     0       
10      1024    1023    1       
11      2046    2019    27      
12      4038    3756    282     
13      7512    6484    1028    
14      12968   10194   2774    
15      20388   15152   5236    
16      30304   20787   9517    
17      41574   24922   16652   
18      49844   23798   26046   
19      47596   19002   28594   
20      38004   14240   23764   
21      28480   8571    19909   
22      17142   3121    14021   
23      6242    593     5649    
24      1186    116     1070    
25      232     107     125     
26      214     94      120     
27      188     73      115     
28      146     39      107     
29      78      14      64      
30      28      7       21      
31      14      1       13      
32      2       0       2       

Updating pass
Time for updating(us): 406
****************************** end *********************************
alogrithm_0_500
****************************** start *********************************
Note: estimator has been enabled!

Loading rule
Loading rules from ../test/my_rules/my_acl1_20k
19922 rules loaded

Estimate before building
Overlap density = 143.333221 8.414036 0.000000 60.324883 1.493098 
Distribute = 39223 980 0 205 8 
Average density = 139.612610 
Building rule num = 19922 
Estimated time:27813624.000000 
Estimating pass
Time for estimating(us): 20681900

Building
segment_num = 39223 980 2 205 8 

segment_total = 126078411200
worst_depth = 25
average_depth = 19.009329
tree_node_num = 154239
leaf_node_num = 154240
total_memory = 2467832
depth   node    intrnl  leaf
0       1       1       0       
1       2       2       0       
2       4       4       0       
3       8       8       0       
4       16      16      0       
5       32      32      0       
6       64      64      0       
7       128     128     0       
8       256     256     0       
9       512     512     0       
10      1024    1023    1       
11      2046    2019    27      
12      4038    3756    282     
13      7512    6484    1028    
14      12968   10192   2776    
15      20384   15149   5235    
16      30298   20778   9520    
17      41556   24903   16653   
18      49806   23767   26039   
19      47534   18956   28578   
20      37912   14173   23739   
21      28346   8487    19859   
22      16974   3028    13946   
23      6056    495     5561    
24      990     6       984     
25      12      0       12      

Building pass
Time for building(us): 47891725
Loading rules from ../test/my_rules/my_acl1_500
472 rules loaded

Estimate before updating
Overlap density = 209.341827 9.099788 0.000000 54.878983 1.537155 
Meet = 98600 4286 0 25848 724 
Meet num = 129458
Average seg depth = 17.009453
Average density(by meet) = 170.709656
Updating rule num = 472
Base operation = 1.000000 
Adapted factor = 10.000000 
Estimated time:805749.562500 
Estimating pass
Time for estimating(us): 613006

Updating

worst_depth = 41
average_depth = 19.103930
tree_node_num = 157289
leaf_node_num = 157290
total_memory = 2516632
depth   node    intrnl  leaf
0       1       1       0       
1       2       2       0       
2       4       4       0       
3       8       8       0       
4       16      16      0       
5       32      32      0       
6       64      64      0       
7       128     128     0       
8       256     256     0       
9       512     512     0       
10      1024    1023    1       
11      2046    2019    27      
12      4038    3757    281     
13      7514    6495    1019    
14      12990   10215   2775    
15      20430   15204   5226    
16      30408   20957   9451    
17      41914   25263   16651   
18      50526   24162   26364   
19      48324   19265   29059   
20      38530   14383   24147   
21      28766   8627    20139   
22      17254   3157    14097   
23      6314    646     5668    
24      1292    176     1116    
25      352     167     185     
26      334     153     181     
27      306     137     169     
28      274     122     152     
29      244     95      149     
30      190     63      127     
31      126     43      83      
32      86      34      52      
33      68      26      42      
34      52      18      34      
35      36      16      20      
36      32      15      17      
37      30      14      16      
38      28      9       19      
39      18      4       14      
40      8       1       7       
41      2       0       2       

Updating pass
Time for updating(us): 26970
****************************** end *********************************
alogrithm_0_1k
****************************** start *********************************
Note: estimator has been enabled!

Loading rule
Loading rules from ../test/my_rules/my_acl1_20k
19922 rules loaded

Estimate before building
Overlap density = 143.333221 8.414036 0.000000 60.324883 1.493098 
Distribute = 39223 980 0 205 8 
Average density = 139.612610 
Building rule num = 19922 
Estimated time:27813624.000000 
Estimating pass
Time for estimating(us): 20650701

Building
segment_num = 39223 980 2 205 8 

segment_total = 126078411200
worst_depth = 25
average_depth = 19.009329
tree_node_num = 154239
leaf_node_num = 154240
total_memory = 2467832
depth   node    intrnl  leaf
0       1       1       0       
1       2       2       0       
2       4       4       0       
3       8       8       0       
4       16      16      0       
5       32      32      0       
6       64      64      0       
7       128     128     0       
8       256     256     0       
9       512     512     0       
10      1024    1023    1       
11      2046    2019    27      
12      4038    3756    282     
13      7512    6484    1028    
14      12968   10192   2776    
15      20384   15149   5235    
16      30298   20778   9520    
17      41556   24903   16653   
18      49806   23767   26039   
19      47534   18956   28578   
20      37912   14173   23739   
21      28346   8487    19859   
22      16974   3028    13946   
23      6056    495     5561    
24      990     6       984     
25      12      0       12      

Building pass
Time for building(us): 47831722
Loading rules from ../test/my_rules/my_acl1_1k
897 rules loaded

Estimate before updating
Overlap density = 350.197540 9.415178 0.000000 60.335938 1.443080 
Meet = 313777 8436 0 54061 1293 
Meet num = 377567
Average seg depth = 17.009453
Average density(by meet) = 299.885956
Updating rule num = 897
Base operation = 1.000000 
Adapted factor = 10.000000 
Estimated time:2689977.000000 
Estimating pass
Time for estimating(us): 1059563

Updating

worst_depth = 46
average_depth = 19.230762
tree_node_num = 160757
leaf_node_num = 160758
total_memory = 2572120
depth   node    intrnl  leaf
0       1       1       0       
1       2       2       0       
2       4       4       0       
3       8       8       0       
4       16      16      0       
5       32      32      0       
6       64      64      0       
7       128     128     0       
8       256     256     0       
9       512     512     0       
10      1024    1023    1       
11      2046    2019    27      
12      4038    3758    280     
13      7516    6495    1021    
14      12990   10222   2768    
15      20444   15203   5241    
16      30406   20946   9460    
17      41892   25459   16433   
18      50918   24641   26277   
19      49282   19690   29592   
20      39380   14631   24749   
21      29262   8813    20449   
22      17626   3359    14267   
23      6718    838     5880    
24      1676    383     1293    
25      766     396     370     
26      792     398     394     
27      796     361     435     
28      722     330     392     
29      660     260     400     
30      520     177     343     
31      354     118     236     
32      236     75      161     
33      150     51      99      
34      102     31      71      
35      62      20      42      
36      40      8       32      
37      16      7       9       
38      14      5       9       
39      10      4       6       
40      8       3       5       
41      6       1       5       
42      2       2       0       
43      4       3       1       
44      6       3       3       
45      6       1       5       
46      2       0       2       

Updating pass
Time for updating(us): 56228
****************************** end *********************************
alogrithm_0_5k
****************************** start *********************************
Note: estimator has been enabled!

Loading rule
Loading rules from ../test/my_rules/my_acl1_20k
19922 rules loaded

Estimate before building
Overlap density = 143.333221 8.414036 0.000000 60.324883 1.493098 
Distribute = 39223 980 0 205 8 
Average density = 139.612610 
Building rule num = 19922 
Estimated time:27813624.000000 
Estimating pass
Time for estimating(us): 20688426

Building
segment_num = 39223 980 2 205 8 

segment_total = 126078411200
worst_depth = 25
average_depth = 19.009329
tree_node_num = 154239
leaf_node_num = 154240
total_memory = 2467832
depth   node    intrnl  leaf
0       1       1       0       
1       2       2       0       
2       4       4       0       
3       8       8       0       
4       16      16      0       
5       32      32      0       
6       64      64      0       
7       128     128     0       
8       256     256     0       
9       512     512     0       
10      1024    1023    1       
11      2046    2019    27      
12      4038    3756    282     
13      7512    6484    1028    
14      12968   10192   2776    
15      20384   15149   5235    
16      30298   20778   9520    
17      41556   24903   16653   
18      49806   23767   26039   
19      47534   18956   28578   
20      37912   14173   23739   
21      28346   8487    19859   
22      16974   3028    13946   
23      6056    495     5561    
24      990     6       984     
25      12      0       12      

Building pass
Time for building(us): 47963394
Loading rules from ../test/my_rules/my_acl1_5k
4402 rules loaded

Estimate before updating
Overlap density = 195.018173 10.058168 0.000000 56.420586 1.452852 
Meet = 858275 44266 0 248307 6394 
Meet num = 1157242
Average seg depth = 17.009453
Average density(by meet) = 157.135117
Updating rule num = 4402
Base operation = 1.000000 
Adapted factor = 10.000000 
Estimated time:6917088.000000 
Estimating pass
Time for estimating(us): 4766431

Updating

worst_depth = 48
average_depth = 20.154015
tree_node_num = 189144
leaf_node_num = 189145
total_memory = 3026312
depth   node    intrnl  leaf
0       1       1       0       
1       2       2       0       
2       4       4       0       
3       8       8       0       
4       16      16      0       
5       32      32      0       
6       64      64      0       
7       128     128     0       
8       256     256     0       
9       512     512     0       
10      1024    1023    1       
11      2046    2021    25      
12      4042    3788    254     
13      7576    6580    996     
14      13160   10459   2701    
15      20918   15753   5165    
16      31506   22039   9467    
17      44078   27153   16925   
18      54306   26975   27331   
19      53950   22419   31531   
20      44838   17156   27682   
21      34312   10627   23685   
22      21254   4589    16665   
23      9178    1990    7188    
24      3980    1648    2332    
25      3296    1798    1498    
26      3596    1920    1676    
27      3840    1950    1890    
28      3900    1842    2058    
29      3684    1589    2095    
30      3178    1269    1909    
31      2538    999     1539    
32      1998    738     1260    
33      1476    548     928     
34      1096    396     700     
35      792     275     517     
36      550     170     380     
37      340     115     225     
38      230     80      150     
39      160     63      97      
40      126     50      76      
41      100     38      62      
42      76      28      48      
43      56      12      44      
44      24      9       15      
45      18      8       10      
46      16      3       13      
47      6       1       5       
48      2       0       2       

Updating pass
Time for updating(us): 78972
****************************** end *********************************
alogrithm_0_7k
****************************** start *********************************
Note: estimator has been enabled!

Loading rule
Loading rules from ../test/my_rules/my_acl1_20k
19922 rules loaded

Estimate before building
Overlap density = 143.333221 8.414036 0.000000 60.324883 1.493098 
Distribute = 39223 980 0 205 8 
Average density = 139.612610 
Building rule num = 19922 
Estimated time:27813624.000000 
Estimating pass
Time for estimating(us): 20661746

Building
segment_num = 39223 980 2 205 8 

segment_total = 126078411200
worst_depth = 25
average_depth = 19.009329
tree_node_num = 154239
leaf_node_num = 154240
total_memory = 2467832
depth   node    intrnl  leaf
0       1       1       0       
1       2       2       0       
2       4       4       0       
3       8       8       0       
4       16      16      0       
5       32      32      0       
6       64      64      0       
7       128     128     0       
8       256     256     0       
9       512     512     0       
10      1024    1023    1       
11      2046    2019    27      
12      4038    3756    282     
13      7512    6484    1028    
14      12968   10192   2776    
15      20384   15149   5235    
16      30298   20778   9520    
17      41556   24903   16653   
18      49806   23767   26039   
19      47534   18956   28578   
20      37912   14173   23739   
21      28346   8487    19859   
22      16974   3028    13946   
23      6056    495     5561    
24      990     6       984     
25      12      0       12      

Building pass
Time for building(us): 47847503
Loading rules from ../test/my_rules/my_acl1_7k
6526 rules loaded

Estimate before updating
Overlap density = 180.959076 10.834176 0.000000 58.455784 1.495785 
Meet = 1180758 70693 0 381424 9760 
Meet num = 1642635
Average seg depth = 17.009453
Average density(by meet) = 144.125626
Updating rule num = 6526
Base operation = 1.000000 
Adapted factor = 10.000000 
Estimated time:9405638.000000 
Estimating pass
Time for estimating(us): 7025365

Updating

worst_depth = 48
average_depth = 21.185564
tree_node_num = 213154
leaf_node_num = 213155
total_memory = 3410472
depth   node    intrnl  leaf
0       1       1       0       
1       2       2       0       
2       4       4       0       
3       8       8       0       
4       16      16      0       
5       32      32      0       
6       64      64      0       
7       128     128     0       
8       256     256     0       
9       512     512     0       
10      1024    1023    1       
11      2046    2021    25      
12      4042    3794    248     
13      7588    6628    960     
14      13256   10578   2678    
15      21156   15921   5235    
16      31842   22223   9619    
17      44446   27387   17059   
18      54774   27226   27548   
19      54452   22789   31663   
20      45578   17833   27745   
21      35666   11687   23979   
22      23374   6022    17352   
23      12044   3551    8493    
24      7102    3319    3783    
25      6638    3481    3157    
26      6962    3507    3455    
27      7014    3462    3552    
28      6924    3266    3658    
29      6532    3090    3442    
30      6180    2805    3375    
31      5610    2456    3154    
32      4912    2101    2811    
33      4202    1703    2499    
34      3406    1285    2121    
35      2570    956     1614    
36      1912    658     1254    
37      1316    446     870     
38      892     311     581     
39      622     201     421     
40      402     143     259     
41      286     85      201     
42      170     61      109     
43      122     50      72      
44      100     34      66      
45      68      17      51      
46      34      7       27      
47      14      4       10      
48      8       0       8       

Updating pass
Time for updating(us): 183918
****************************** end *********************************
alogrithm_0_10k
****************************** start *********************************
Note: estimator has been enabled!

Loading rule
Loading rules from ../test/my_rules/my_acl1_20k
19922 rules loaded

Estimate before building
Overlap density = 143.333221 8.414036 0.000000 60.324883 1.493098 
Distribute = 39223 980 0 205 8 
Average density = 139.612610 
Building rule num = 19922 
Estimated time:27813624.000000 
Estimating pass
Time for estimating(us): 20662788

Building
segment_num = 39223 980 2 205 8 

segment_total = 126078411200
worst_depth = 25
average_depth = 19.009329
tree_node_num = 154239
leaf_node_num = 154240
total_memory = 2467832
depth   node    intrnl  leaf
0       1       1       0       
1       2       2       0       
2       4       4       0       
3       8       8       0       
4       16      16      0       
5       32      32      0       
6       64      64      0       
7       128     128     0       
8       256     256     0       
9       512     512     0       
10      1024    1023    1       
11      2046    2019    27      
12      4038    3756    282     
13      7512    6484    1028    
14      12968   10192   2776    
15      20384   15149   5235    
16      30298   20778   9520    
17      41556   24903   16653   
18      49806   23767   26039   
19      47534   18956   28578   
20      37912   14173   23739   
21      28346   8487    19859   
22      16974   3028    13946   
23      6056    495     5561    
24      990     6       984     
25      12      0       12      

Building pass
Time for building(us): 47870428
Loading rules from ../test/my_rules/my_acl1_10k
9772 rules loaded

Estimate before updating
Overlap density = 157.465042 8.415106 0.000000 59.550301 1.487668 
Meet = 1538591 82224 0 581866 14536 
Meet num = 2217217
Average seg depth = 17.009453
Average density(by meet) = 125.219193
Updating rule num = 9772
Base operation = 1.000000 
Adapted factor = 10.000000 
Estimated time:12236419.000000 
Estimating pass
Time for estimating(us): 10334267

Updating

worst_depth = 49
average_depth = 23.633820
tree_node_num = 309969
leaf_node_num = 309970
total_memory = 4959512
depth   node    intrnl  leaf
0       1       1       0       
1       2       2       0       
2       4       4       0       
3       8       8       0       
4       16      16      0       
5       32      32      0       
6       64      64      0       
7       128     128     0       
8       256     256     0       
9       512     512     0       
10      1024    1023    1       
11      2046    2023    23      
12      4046    3821    225     
13      7642    6699    943     
14      13398   10801   2597    
15      21602   16399   5203    
16      32798   23170   9628    
17      46340   28927   17413   
18      57854   29355   28499   
19      58710   25365   33345   
20      50730   20564   30166   
21      41128   14974   26154   
22      29948   10176   19772   
23      20352   8637    11715   
24      17274   9237    8037    
25      18474   10335   8139    
26      20670   11207   9463    
27      22414   11445   10969   
28      22890   11162   11728   
29      22324   10459   11865   
30      20918   9377    11541   
31      18754   8041    10713   
32      16082   6666    9416    
33      13332   5306    8026    
34      10612   4052    6560    
35      8104    2958    5146    
36      5916    2115    3801    
37      4230    1453    2777    
38      2906    987     1919    
39      1974    735     1239    
40      1470    519     951     
41      1038    364     674     
42      728     254     474     
43      508     162     346     
44      324     93      231     
45      186     49      137     
46      98      20      78      
47      40      10      30      
48      20      6       14      
49      12      0       12      

Updating pass
Time for updating(us): 253355
****************************** end *********************************
