alogrithm_0_100
****************************** start *********************************
Note: estimator has been enabled!

Loading rule
Loading rules from ../test/rules/fw1_10K
9311 rules loaded

Estimate before building
Overlap density = 4432.062500 3526.016357 19.400860 27.215038 1.080881 
Distribute = 7275 13902 25 85 10 
Average density = 3815.783691 
Building rule num = 9311 
Estimated time:355287616.000000 
Estimating pass
Time for estimating(us): 5235497

Building
segment_num = 7275 13902 25 85 10 

segment_total = 2149162312500
worst_depth = 37
average_depth = 28.497440
tree_node_num = 64519577
leaf_node_num = 64519578
total_memory = 1032313240
depth   node    intrnl  leaf
0       1       1       0       
1       2       2       0       
2       4       4       0       
3       8       8       0       
4       16      16      0       
5       32      32      0       
6       64      64      0       
7       128     128     0       
8       256     256     0       
9       512     512     0       
10      1024    994     30      
11      1988    1878    110     
12      3756    3401    355     
13      6802    6047    755     
14      12094   11117   977     
15      22234   20634   1600    
16      41268   37461   3807    
17      74922   66366   8556    
18      132732  119335  13397   
19      238670  222021  16649   
20      444042  422534  21508   
21      845068  815396  29672   
22      1630792 1579923 50869   
23      3159846 2968886 190960  
24      5937772 5204583 733189  
25      104091668184485 2224681 
26      16368970109207685448202 
27      218415361177230910069227
28      235446189972220 13572398
29      199444406643559 13300881
30      132871183514897 9772221 
31      7029794 1458976 5570818 
32      2917952 456443  2461509 
33      912886  99475   813411  
34      198950  13794   185156  
35      27588   1036    26552   
36      2072    16      2056    
37      32      0       32      

Building pass
Time for building(us): 576816855
Loading rules from ../test/my_rules/my_fw1_100
97 rules loaded

Estimate before updating
Overlap density = 3902.447998 4561.166504 20.135416 31.041666 1.093750 
Meet = 374635 437872 1933 2980 105 
Meet num = 817525
Average seg depth = 26.497442
Average density(by meet) = 4231.469727
Updating rule num = 97
Adapted base operation = 1.000000 
Estimated time:410452.562500 
Estimated time:410452.562500 
Estimating pass
Time for estimating(us): 80208

Updating

worst_depth = 44
average_depth = 28.551390
tree_node_num = 65719071
leaf_node_num = 65719072
total_memory = 1051505144
depth   node    intrnl  leaf
0       1       1       0       
1       2       2       0       
2       4       4       0       
3       8       8       0       
4       16      16      0       
5       32      32      0       
6       64      64      0       
7       128     128     0       
8       256     256     0       
9       512     512     0       
10      1024    995     29      
11      1990    1879    111     
12      3758    3404    354     
13      6808    6051    757     
14      12102   11120   982     
15      22240   20636   1604    
16      41272   37465   3807    
17      74930   66393   8537    
18      132786  119417  13369   
19      238834  222170  16664   
20      444340  422745  21595   
21      845490  815683  29807   
22      1631366 1580282 51084   
23      3160564 2969969 190595  
24      5939938 5209330 730608  
25      104186608203964 2214696 
26      16407928109770185430910 
27      219540361189431010059726
28      237886201016667813621942
29      203333566873850 13459506
30      137477003727703 10019997
31      7455406 1620782 5834624 
32      3241564 559700  2681864 
33      1119400 155191  964209  
34      310382  38333   272049  
35      76666   9524    67142   
36      19048   2410    16638   
37      4820    591     4229    
38      1182    194     988     
39      388     119     269     
40      238     81      157     
41      162     43      119     
42      86      15      71      
43      30      3       27      
44      6       0       6       

Updating pass
Time for updating(us): 3470438
****************************** end *********************************
alogrithm_0_500
****************************** start *********************************
Note: estimator has been enabled!

Loading rule
Loading rules from ../test/rules/fw1_10K
9311 rules loaded

Estimate before building
Overlap density = 4432.062500 3526.016357 19.400860 27.215038 1.080881 
Distribute = 7275 13902 25 85 10 
Average density = 3815.783691 
Building rule num = 9311 
Estimated time:355287616.000000 
Estimating pass
Time for estimating(us): 5197524

Building
segment_num = 7275 13902 25 85 10 

segment_total = 2149162312500
worst_depth = 37
average_depth = 28.497440
tree_node_num = 64519577
leaf_node_num = 64519578
total_memory = 1032313240
depth   node    intrnl  leaf
0       1       1       0       
1       2       2       0       
2       4       4       0       
3       8       8       0       
4       16      16      0       
5       32      32      0       
6       64      64      0       
7       128     128     0       
8       256     256     0       
9       512     512     0       
10      1024    994     30      
11      1988    1878    110     
12      3756    3401    355     
13      6802    6047    755     
14      12094   11117   977     
15      22234   20634   1600    
16      41268   37461   3807    
17      74922   66366   8556    
18      132732  119335  13397   
19      238670  222021  16649   
20      444042  422534  21508   
21      845068  815396  29672   
22      1630792 1579923 50869   
23      3159846 2968886 190960  
24      5937772 5204583 733189  
25      104091668184485 2224681 
26      16368970109207685448202 
27      218415361177230910069227
28      235446189972220 13572398
29      199444406643559 13300881
30      132871183514897 9772221 
31      7029794 1458976 5570818 
32      2917952 456443  2461509 
33      912886  99475   813411  
34      198950  13794   185156  
35      27588   1036    26552   
36      2072    16      2056    
37      32      0       32      

Building pass
Time for building(us): 577243339
Loading rules from ../test/my_rules/my_fw1_500
408 rules loaded

Estimate before updating
Overlap density = 3650.385742 4405.911621 18.963144 31.842752 1.120393 
Meet = 1485707 1793206 7718 12960 456 
Meet num = 3300047
Average seg depth = 26.497442
Average density(by meet) = 4037.721436
Updating rule num = 408
Adapted base operation = 1.000000 
Estimated time:1647390.375000 
Estimated time:1647390.375000 
Estimating pass
Time for estimating(us): 263900

Updating

worst_depth = 47
average_depth = 28.664139
tree_node_num = 67997338
leaf_node_num = 67997339
total_memory = 1087957416
depth   node    intrnl  leaf
0       1       1       0       
1       2       2       0       
2       4       4       0       
3       8       8       0       
4       16      16      0       
5       32      32      0       
6       64      64      0       
7       128     128     0       
8       256     256     0       
9       512     512     0       
10      1024    996     28      
11      1992    1885    107     
12      3770    3418    352     
13      6836    6079    757     
14      12158   11147   1011    
15      22294   20678   1616    
16      41356   37740   3616    
17      75480   67110   8370    
18      134220  120555  13665   
19      241110  223386  17724   
20      446772  423821  22951   
21      847642  816733  30909   
22      1633466 1582293 51173   
23      3164586 2976690 187896  
24      5953380 5229830 723550  
25      104596608256179 2203481 
26      16512358110920655420293 
27      221841301209322910090901
28      241864581044633013740128
29      208926607208844 13683816
30      144176884077966 10339722
31      8155932 1934301 6221631 
32      3868602 798646  3069956 
33      1597292 312601  1284691 
34      625202  132972  492230  
35      265944  64250   201694  
36      128500  32618   95882   
37      65236   15293   49943   
38      30586   5739    24847   
39      11478   1745    9733    
40      3490    569     2921    
41      1138    295     843     
42      590     172     418     
43      344     86      258     
44      172     39      133     
45      78      13      65      
46      26      2       24      
47      4       0       4       

Updating pass
Time for updating(us): 30539692
****************************** end *********************************
alogrithm_0_1k
****************************** start *********************************
Note: estimator has been enabled!

Loading rule
Loading rules from ../test/rules/fw1_10K
9311 rules loaded

Estimate before building
Overlap density = 4432.062500 3526.016357 19.400860 27.215038 1.080881 
Distribute = 7275 13902 25 85 10 
Average density = 3815.783691 
Building rule num = 9311 
Estimated time:355287616.000000 
Estimating pass
Time for estimating(us): 5201666

Building
segment_num = 7275 13902 25 85 10 

segment_total = 2149162312500
worst_depth = 37
average_depth = 28.497440
tree_node_num = 64519577
leaf_node_num = 64519578
total_memory = 1032313240
depth   node    intrnl  leaf
0       1       1       0       
1       2       2       0       
2       4       4       0       
3       8       8       0       
4       16      16      0       
5       32      32      0       
6       64      64      0       
7       128     128     0       
8       256     256     0       
9       512     512     0       
10      1024    994     30      
11      1988    1878    110     
12      3756    3401    355     
13      6802    6047    755     
14      12094   11117   977     
15      22234   20634   1600    
16      41268   37461   3807    
17      74922   66366   8556    
18      132732  119335  13397   
19      238670  222021  16649   
20      444042  422534  21508   
21      845068  815396  29672   
22      1630792 1579923 50869   
23      3159846 2968886 190960  
24      5937772 5204583 733189  
25      104091668184485 2224681 
26      16368970109207685448202 
27      218415361177230910069227
28      235446189972220 13572398
29      199444406643559 13300881
30      132871183514897 9772221 
31      7029794 1458976 5570818 
32      2917952 456443  2461509 
33      912886  99475   813411  
34      198950  13794   185156  
35      27588   1036    26552   
36      2072    16      2056    
37      32      0       32      

Building pass
Time for building(us): 581522272
Loading rules from ../test/my_rules/my_fw1_1k
848 rules loaded

Estimate before updating
Overlap density = 3566.178223 3647.515869 19.086187 29.190083 1.057851 
Meet = 3020553 3089446 16166 24724 896 
Meet num = 6151785
Average seg depth = 26.497442
Average density(by meet) = 3582.970947
Updating rule num = 848
Adapted base operation = 1.000000 
Estimated time:3038359.250000 
Estimated time:3038359.250000 
Estimating pass
Time for estimating(us): 532413

Updating

worst_depth = 46
average_depth = 28.787758
tree_node_num = 70719564
leaf_node_num = 70719565
total_memory = 1131513032
depth   node    intrnl  leaf
0       1       1       0       
1       2       2       0       
2       4       4       0       
3       8       8       0       
4       16      16      0       
5       32      32      0       
6       64      64      0       
7       128     128     0       
8       256     256     0       
9       512     512     0       
10      1024    995     29      
11      1990    1884    106     
12      3768    3415    353     
13      6830    6065    765     
14      12130   11136   994     
15      22272   20668   1604    
16      41336   37582   3754    
17      75164   66877   8287    
18      133754  120336  13418   
19      240672  223264  17408   
20      446528  423787  22741   
21      847574  816711  30863   
22      1633422 1582699 50723   
23      3165398 2979975 185423  
24      5959950 5244944 715006  
25      104898888298619 2191269 
26      16597238111860275411211 
27      223720541228472610087328
28      245694521077977213789680
29      215595447679126 13880418
30      153582524598947 10759305
31      9197894 2390956 6806938 
32      4781912 1113964 3667948 
33      2227928 485200  1742728 
34      970400  208532  761868  
35      417064  90621   326443  
36      181242  38491   142751  
37      76982   15266   61716   
38      30532   5286    25246   
39      10572   1614    8958    
40      3228    593     2635    
41      1186    289     897     
42      578     123     455     
43      246     40      206     
44      80      10      70      
45      20      1       19      
46      2       0       2       

Updating pass
Time for updating(us): 38566525
****************************** end *********************************
alogrithm_0_5k
****************************** start *********************************
Note: estimator has been enabled!

Loading rule
Loading rules from ../test/rules/fw1_10K
9311 rules loaded

Estimate before building
Overlap density = 4432.062500 3526.016357 19.400860 27.215038 1.080881 
Distribute = 7275 13902 25 85 10 
Average density = 3815.783691 
Building rule num = 9311 
Estimated time:355287616.000000 
Estimating pass
Time for estimating(us): 5213883

Building
segment_num = 7275 13902 25 85 10 

segment_total = 2149162312500
worst_depth = 37
average_depth = 28.497440
tree_node_num = 64519577
leaf_node_num = 64519578
total_memory = 1032313240
depth   node    intrnl  leaf
0       1       1       0       
1       2       2       0       
2       4       4       0       
3       8       8       0       
4       16      16      0       
5       32      32      0       
6       64      64      0       
7       128     128     0       
8       256     256     0       
9       512     512     0       
10      1024    994     30      
11      1988    1878    110     
12      3756    3401    355     
13      6802    6047    755     
14      12094   11117   977     
15      22234   20634   1600    
16      41268   37461   3807    
17      74922   66366   8556    
18      132732  119335  13397   
19      238670  222021  16649   
20      444042  422534  21508   
21      845068  815396  29672   
22      1630792 1579923 50869   
23      3159846 2968886 190960  
24      5937772 5204583 733189  
25      104091668184485 2224681 
26      16368970109207685448202 
27      218415361177230910069227
28      235446189972220 13572398
29      199444406643559 13300881
30      132871183514897 9772221 
31      7029794 1458976 5570818 
32      2917952 456443  2461509 
33      912886  99475   813411  
34      198950  13794   185156  
35      27588   1036    26552   
36      2072    16      2056    
37      32      0       32      

Building pass
Time for building(us): 577832242
Loading rules from ../test/my_rules/my_fw1_5k
4697 rules loaded

Estimate before updating
Overlap density = 3806.701904 3321.262451 19.204004 27.354557 1.088799 
Meet = 17876273 15596649 90182 128457 5113 
Meet num = 33696674
Average seg depth = 26.497442
Average density(by meet) = 3556.893066
Updating rule num = 4697
Adapted base operation = 1.000000 
Estimated time:16706727.000000 
Estimated time:16706727.000000 
Estimating pass
Time for estimating(us): 2785423

Updating

worst_depth = 47
average_depth = 29.825922
tree_node_num = 117062153
leaf_node_num = 117062154
total_memory = 1872994456
depth   node    intrnl  leaf
0       1       1       0       
1       2       2       0       
2       4       4       0       
3       8       8       0       
4       16      16      0       
5       32      32      0       
6       64      64      0       
7       128     128     0       
8       256     256     0       
9       512     512     0       
10      1024    1023    1       
11      2046    2012    34      
12      4024    3832    192     
13      7664    6972    692     
14      13944   12294   1650    
15      24588   22081   2507    
16      44162   40343   3819    
17      80686   71761   8925    
18      143522  127503  16019   
19      255006  232341  22665   
20      464682  435231  29451   
21      870462  831036  39426   
22      1662072 1608437 53635   
23      3216874 3083918 132956  
24      6167836 5607691 560145  
25      112153829338797 1876585 
26      18677594137230714954523 
27      274461421715185610294286
28      343037121803230016271412
29      360646001612396019940640
30      322479201241154219836378
31      248230848319877 16503207
32      166397544935655 11704099
33      9871310 2634502 7236808 
34      5269004 1285885 3983119 
35      2571770 585352  1986418 
36      1170704 255488  915216  
37      510976  107296  403680  
38      214592  43238   171354  
39      86476   16683   69793   
40      33366   6098    27268   
41      12196   2075    10121   
42      4150    687     3463    
43      1374    219     1155    
44      438     60      378     
45      120     13      107     
46      26      1       25      
47      2       0       2       

Updating pass
Time for updating(us): 139266723
****************************** end *********************************
alogrithm_0_7k
****************************** start *********************************
Note: estimator has been enabled!

Loading rule
Loading rules from ../test/rules/fw1_10K
9311 rules loaded

Estimate before building
Overlap density = 4432.062500 3526.016357 19.400860 27.215038 1.080881 
Distribute = 7275 13902 25 85 10 
Average density = 3815.783691 
Building rule num = 9311 
Estimated time:355287616.000000 
Estimating pass
Time for estimating(us): 5222216

Building
segment_num = 7275 13902 25 85 10 

segment_total = 2149162312500
worst_depth = 37
average_depth = 28.497440
tree_node_num = 64519577
leaf_node_num = 64519578
total_memory = 1032313240
depth   node    intrnl  leaf
0       1       1       0       
1       2       2       0       
2       4       4       0       
3       8       8       0       
4       16      16      0       
5       32      32      0       
6       64      64      0       
7       128     128     0       
8       256     256     0       
9       512     512     0       
10      1024    994     30      
11      1988    1878    110     
12      3756    3401    355     
13      6802    6047    755     
14      12094   11117   977     
15      22234   20634   1600    
16      41268   37461   3807    
17      74922   66366   8556    
18      132732  119335  13397   
19      238670  222021  16649   
20      444042  422534  21508   
21      845068  815396  29672   
22      1630792 1579923 50869   
23      3159846 2968886 190960  
24      5937772 5204583 733189  
25      104091668184485 2224681 
26      16368970109207685448202 
27      218415361177230910069227
28      235446189972220 13572398
29      199444406643559 13300881
30      132871183514897 9772221 
31      7029794 1458976 5570818 
32      2917952 456443  2461509 
33      912886  99475   813411  
34      198950  13794   185156  
35      27588   1036    26552   
36      2072    16      2056    
37      32      0       32      

Building pass
Time for building(us): 579612483
Loading rules from ../test/my_rules/my_fw1_7k
6590 rules loaded

Estimate before updating
Overlap density = 3753.004150 3324.343262 19.141144 27.441494 1.079071 
Meet = 24728544 21904098 126121 180812 7110 
Meet num = 46946685
Average seg depth = 26.497442
Average density(by meet) = 3528.054443
Updating rule num = 6590
Adapted base operation = 1.000000 
Estimated time:23249878.000000 
Estimated time:23249878.000000 
Estimating pass
Time for estimating(us): 3855579

Updating

worst_depth = 51
average_depth = 30.305538
tree_node_num = 140137588
leaf_node_num = 140137589
total_memory = 2242201416
depth   node    intrnl  leaf
0       1       1       0       
1       2       2       0       
2       4       4       0       
3       8       8       0       
4       16      16      0       
5       32      32      0       
6       64      64      0       
7       128     128     0       
8       256     256     0       
9       512     512     0       
10      1024    1021    3       
11      2042    2018    24      
12      4036    3854    182     
13      7708    7008    700     
14      14016   12434   1582    
15      24868   22365   2503    
16      44730   40322   4408    
17      80644   71864   8780    
18      143728  128711  15017   
19      257422  235489  21933   
20      470978  439570  31408   
21      879140  836299  42841   
22      1672598 1613481 59117   
23      3226962 3090012 136950  
24      6180024 5645447 534577  
25      112908949525728 1765166 
26      19051456142909674760489 
27      285819341842663910155295
28      368532782028308716570191
29      405661741932293021243244
30      386458601611599722529863
31      322319941189258220339412
32      237851647883091 15902073
33      157661824770010 10996172
34      9540020 2677153 6862867 
35      5354306 1416310 3937996 
36      2832620 718134  2114486 
37      1436268 353455  1082813 
38      706910  169448  537462  
39      338896  79010   259886  
40      158020  35721   122299  
41      71442   15493   55949   
42      30986   6430    24556   
43      12860   2665    10195   
44      5330    1110    4220    
45      2220    456     1764    
46      912     169     743     
47      338     57      281     
48      114     21      93      
49      42      6       36      
50      12      1       11      
51      2       0       2       

Updating pass
Time for updating(us): 191778900
****************************** end *********************************
alogrithm_0_10k
****************************** start *********************************
Note: estimator has been enabled!

Loading rule
Loading rules from ../test/rules/fw1_10K
9311 rules loaded

Estimate before building
Overlap density = 4432.062500 3526.016357 19.400860 27.215038 1.080881 
Distribute = 7275 13902 25 85 10 
Average density = 3815.783691 
Building rule num = 9311 
Estimated time:355287616.000000 
Estimating pass
Time for estimating(us): 5217841

Building
segment_num = 7275 13902 25 85 10 

segment_total = 2149162312500
worst_depth = 37
average_depth = 28.497440
tree_node_num = 64519577
leaf_node_num = 64519578
total_memory = 1032313240
depth   node    intrnl  leaf
0       1       1       0       
1       2       2       0       
2       4       4       0       
3       8       8       0       
4       16      16      0       
5       32      32      0       
6       64      64      0       
7       128     128     0       
8       256     256     0       
9       512     512     0       
10      1024    994     30      
11      1988    1878    110     
12      3756    3401    355     
13      6802    6047    755     
14      12094   11117   977     
15      22234   20634   1600    
16      41268   37461   3807    
17      74922   66366   8556    
18      132732  119335  13397   
19      238670  222021  16649   
20      444042  422534  21508   
21      845068  815396  29672   
22      1630792 1579923 50869   
23      3159846 2968886 190960  
24      5937772 5204583 733189  
25      104091668184485 2224681 
26      16368970109207685448202 
27      218415361177230910069227
28      235446189972220 13572398
29      199444406643559 13300881
30      132871183514897 9772221 
31      7029794 1458976 5570818 
32      2917952 456443  2461509 
33      912886  99475   813411  
34      198950  13794   185156  
35      27588   1036    26552   
36      2072    16      2056    
37      32      0       32      

Building pass
Time for building(us): 576656090
Loading rules from ../test/my_rules/my_fw1_10k
9350 rules loaded

Estimate before updating
Overlap density = 3780.500244 3220.938232 19.200985 27.388384 1.076265 
Meet = 35343895 30112551 179510 256054 10062 
Meet num = 65902072
Average seg depth = 26.497442
Average density(by meet) = 3499.415771
Updating rule num = 9350
Adapted base operation = 1.000000 
Estimated time:32719538.000000 
Estimated time:32719538.000000 
Estimating pass
Time for estimating(us): 5385276

Updating

worst_depth = 55
average_depth = 30.851591
tree_node_num = 163282663
leaf_node_num = 163282664
total_memory = 2612522616
depth   node    intrnl  leaf
0       1       1       0       
1       2       2       0       
2       4       4       0       
3       8       8       0       
4       16      16      0       
5       32      32      0       
6       64      64      0       
7       128     128     0       
8       256     256     0       
9       512     512     0       
10      1024    1010    14      
11      2020    1935    85      
12      3870    3540    330     
13      7080    6313    767     
14      12626   11510   1116    
15      23020   21516   1504    
16      43032   39807   3225    
17      79614   71651   7963    
18      143302  129137  14165   
19      258274  236318  21956   
20      472636  440124  32512   
21      880248  836053  44195   
22      1672106 1611379 60727   
23      3222758 3072878 149880  
24      6145756 5624120 521636  
25      112482409563422 1684818 
26      19126844144973294629515 
27      28994658190145679980091 
28      380291342152541216503722
29      430508242137026621680558
30      427405321892295623817576
31      378459121516375322682159
32      303275061116769619159810
33      223353927670987 14664405
34      153419744982281 10359693
35      9964562 3089217 6875345 
36      6178434 1844886 4333548 
37      3689772 1066327 2623445 
38      2132654 599235  1533419 
39      1198470 328761  869709  
40      657522  176949  480573  
41      353898  93713   260185  
42      187426  48912   138514  
43      97824   24903   72921   
44      49806   12212   37594   
45      24424   5809    18615   
46      11618   2665    8953    
47      5330    1188    4142    
48      2376    496     1880    
49      992     217     775     
50      434     109     325     
51      218     52      166     
52      104     20      84      
53      40      7       33      
54      14      2       12      
55      4       0       4       

Updating pass
Time for updating(us): 249476808
****************************** end *********************************
