alogrithm_0_100
****************************** start *********************************
Note: estimator has been enabled!

Loading rule
Loading rules from ../test/rules/fw1_1K
792 rules loaded

Estimate before building
Overlap density = 149.241470 86.510742 18.830595 25.987358 1.061947 
Distribute = 241 344 25 83 10 
Average density = 97.247833 
Building rule num = 792 
Estimated time:770202.812500 
Estimating pass
Time for estimating(us): 16981

Building
segment_num = 241 344 25 83 10 

segment_total = 1720258000
worst_depth = 28
average_depth = 20.433725
tree_node_num = 234189
leaf_node_num = 234190
total_memory = 3747032
depth   node    intrnl  leaf
0       1       1       0       
1       2       2       0       
2       4       4       0       
3       8       8       0       
4       16      16      0       
5       32      32      0       
6       64      61      3       
7       122     108     14      
8       216     195     21      
9       390     346     44      
10      692     606     86      
11      1212    1079    133     
12      2158    1901    257     
13      3802    3442    360     
14      6884    6425    459     
15      12850   11998   852     
16      23996   20490   3506    
17      40980   30281   10699   
18      60562   37908   22654   
19      75816   39088   36728   
20      78176   33080   45096   
21      66160   23360   42800   
22      46720   14079   32641   
23      28158   6867    21291   
24      13734   2294    11440   
25      4588    463     4125    
26      926     53      873     
27      106     2       104     
28      4       0       4       

Building pass
Time for building(us): 2005379
Loading rules from ../test/my_rules/my_fw1_100
97 rules loaded

Estimate before updating
Overlap density = 125.791664 116.437500 20.135416 30.229166 1.093750 
Meet = 12076 11178 1933 2902 105 
Meet num = 28194
Average seg depth = 18.433812
Average density(by meet) = 104.538567
Updating rule num = 97
Adapted base operation = 1.000000 
Estimated time:10140.241211 
Estimated time:10140.241211 
Estimating pass
Time for estimating(us): 3654

Updating

worst_depth = 38
average_depth = 21.187363
tree_node_num = 301836
leaf_node_num = 301837
total_memory = 4829384
depth   node    intrnl  leaf
0       1       1       0       
1       2       2       0       
2       4       4       0       
3       8       8       0       
4       16      16      0       
5       32      32      0       
6       64      61      3       
7       122     109     13      
8       218     196     22      
9       392     348     44      
10      696     610     86      
11      1220    1090    130     
12      2180    1916    264     
13      3832    3466    366     
14      6932    6499    433     
15      12998   12168   830     
16      24336   21238   3098    
17      42476   32412   10064   
18      64824   42036   22788   
19      84072   45523   38549   
20      91046   41741   49305   
21      83482   33193   50289   
22      66386   23741   42645   
23      47482   15393   32089   
24      30786   8844    21942   
25      17688   4996    12692   
26      9992    2835    7157    
27      5670    1582    4088    
28      3164    890     2274    
29      1780    432     1348    
30      864     216     648     
31      432     116     316     
32      232     60      172     
33      120     34      86      
34      68      17      51      
35      34      7       27      
36      14      3       11      
37      6       1       5       
38      2       0       2       

Updating pass
Time for updating(us): 35820
****************************** end *********************************
alogrithm_0_500
****************************** start *********************************
Note: estimator has been enabled!

Loading rule
Loading rules from ../test/rules/fw1_1K
792 rules loaded

Estimate before building
Overlap density = 149.241470 86.510742 18.830595 25.987358 1.061947 
Distribute = 241 344 25 83 10 
Average density = 97.247833 
Building rule num = 792 
Estimated time:770202.812500 
Estimating pass
Time for estimating(us): 16956

Building
segment_num = 241 344 25 83 10 

segment_total = 1720258000
worst_depth = 28
average_depth = 20.433725
tree_node_num = 234189
leaf_node_num = 234190
total_memory = 3747032
depth   node    intrnl  leaf
0       1       1       0       
1       2       2       0       
2       4       4       0       
3       8       8       0       
4       16      16      0       
5       32      32      0       
6       64      61      3       
7       122     108     14      
8       216     195     21      
9       390     346     44      
10      692     606     86      
11      1212    1079    133     
12      2158    1901    257     
13      3802    3442    360     
14      6884    6425    459     
15      12850   11998   852     
16      23996   20490   3506    
17      40980   30281   10699   
18      60562   37908   22654   
19      75816   39088   36728   
20      78176   33080   45096   
21      66160   23360   42800   
22      46720   14079   32641   
23      28158   6867    21291   
24      13734   2294    11440   
25      4588    463     4125    
26      926     53      873     
27      106     2       104     
28      4       0       4       

Building pass
Time for building(us): 2028167
Loading rules from ../test/my_rules/my_fw1_500
408 rules loaded

Estimate before updating
Overlap density = 120.820641 108.353806 18.963144 31.007372 1.120393 
Meet = 49174 44100 7718 12620 456 
Meet num = 114068
Average seg depth = 18.433812
Average density(by meet) = 98.693924
Updating rule num = 408
Adapted base operation = 1.000000 
Estimated time:40267.121094 
Estimated time:40267.121094 
Estimating pass
Time for estimating(us): 9653

Updating

worst_depth = 40
average_depth = 22.685968
tree_node_num = 544559
leaf_node_num = 544560
total_memory = 8712952
depth   node    intrnl  leaf
0       1       1       0       
1       2       2       0       
2       4       4       0       
3       8       8       0       
4       16      16      0       
5       32      32      0       
6       64      63      1       
7       126     116     10      
8       232     210     22      
9       420     364     56      
10      728     635     93      
11      1270    1147    123     
12      2294    2075    219     
13      4150    3755    395     
14      7510    6810    700     
15      13620   12644   976     
16      25288   22579   2709    
17      45158   36476   8682    
18      72952   51488   21464   
19      102976  62460   40516   
20      124920  67280   57640   
21      134560  65656   68904   
22      131312  59059   72253   
23      118118  48191   69927   
24      96382   35887   60495   
25      71774   25084   46690   
26      50168   16655   33513   
27      33310   10727   22583   
28      21454   6542    14912   
29      13084   3843    9241    
30      7686    2139    5547    
31      4278    1178    3100    
32      2356    651     1705    
33      1302    374     928     
34      748     210     538     
35      420     115     305     
36      230     56      174     
37      112     20      92      
38      40      6       34      
39      12      1       11      
40      2       0       2       

Updating pass
Time for updating(us): 292957
****************************** end *********************************
alogrithm_0_1k
****************************** start *********************************
Note: estimator has been enabled!

Loading rule
Loading rules from ../test/rules/fw1_1K
792 rules loaded

Estimate before building
Overlap density = 149.241470 86.510742 18.830595 25.987358 1.061947 
Distribute = 241 344 25 83 10 
Average density = 97.247833 
Building rule num = 792 
Estimated time:770202.812500 
Estimating pass
Time for estimating(us): 17011

Building
segment_num = 241 344 25 83 10 

segment_total = 1720258000
worst_depth = 28
average_depth = 20.433725
tree_node_num = 234189
leaf_node_num = 234190
total_memory = 3747032
depth   node    intrnl  leaf
0       1       1       0       
1       2       2       0       
2       4       4       0       
3       8       8       0       
4       16      16      0       
5       32      32      0       
6       64      61      3       
7       122     108     14      
8       216     195     21      
9       390     346     44      
10      692     606     86      
11      1212    1079    133     
12      2158    1901    257     
13      3802    3442    360     
14      6884    6425    459     
15      12850   11998   852     
16      23996   20490   3506    
17      40980   30281   10699   
18      60562   37908   22654   
19      75816   39088   36728   
20      78176   33080   45096   
21      66160   23360   42800   
22      46720   14079   32641   
23      28158   6867    21291   
24      13734   2294    11440   
25      4588    463     4125    
26      926     53      873     
27      106     2       104     
28      4       0       4       

Building pass
Time for building(us): 2004357
Loading rules from ../test/my_rules/my_fw1_1k
848 rules loaded

Estimate before updating
Overlap density = 117.886658 90.099174 19.086187 28.394333 1.057851 
Meet = 99850 76314 16166 24050 896 
Meet num = 217276
Average seg depth = 18.433812
Average density(by meet) = 90.388214
Updating rule num = 848
Adapted base operation = 1.000000 
Estimated time:76649.203125 
Estimated time:76649.203125 
Estimating pass
Time for estimating(us): 18774

Updating

worst_depth = 45
average_depth = 23.522388
tree_node_num = 602538
leaf_node_num = 602539
total_memory = 9640616
depth   node    intrnl  leaf
0       1       1       0       
1       2       2       0       
2       4       4       0       
3       8       8       0       
4       16      16      0       
5       32      32      0       
6       64      61      3       
7       122     109     13      
8       218     198     20      
9       396     351     45      
10      702     620     82      
11      1240    1122    118     
12      2244    1992    252     
13      3984    3603    381     
14      7206    6676    530     
15      13352   12503   849     
16      25006   22252   2754    
17      44504   35482   9022    
18      70964   49567   21397   
19      99134   59856   39278   
20      119712  64302   55410   
21      128604  63188   65416   
22      126376  58838   67538   
23      117676  51374   66302   
24      102748  42535   60213   
25      85070   34508   50562   
26      69016   27134   41882   
27      54268   20634   33634   
28      41268   14789   26479   
29      29578   10054   19524   
30      20108   6763    13345   
31      13526   4572    8954    
32      9144    3132    6012    
33      6264    2138    4126    
34      4276    1453    2823    
35      2906    975     1931    
36      1950    652     1298    
37      1304    433     871     
38      866     277     589     
39      554     175     379     
40      350     97      253     
41      194     42      152     
42      84      14      70      
43      28      3       25      
44      6       1       5       
45      2       0       2       

Updating pass
Time for updating(us): 394348
****************************** end *********************************
alogrithm_0_5k
****************************** start *********************************
Note: estimator has been enabled!

Loading rule
Loading rules from ../test/rules/fw1_1K
792 rules loaded

Estimate before building
Overlap density = 149.241470 86.510742 18.830595 25.987358 1.061947 
Distribute = 241 344 25 83 10 
Average density = 97.247833 
Building rule num = 792 
Estimated time:770202.812500 
Estimating pass
Time for estimating(us): 16987

Building
segment_num = 241 344 25 83 10 

segment_total = 1720258000
worst_depth = 28
average_depth = 20.433725
tree_node_num = 234189
leaf_node_num = 234190
total_memory = 3747032
depth   node    intrnl  leaf
0       1       1       0       
1       2       2       0       
2       4       4       0       
3       8       8       0       
4       16      16      0       
5       32      32      0       
6       64      61      3       
7       122     108     14      
8       216     195     21      
9       390     346     44      
10      692     606     86      
11      1212    1079    133     
12      2158    1901    257     
13      3802    3442    360     
14      6884    6425    459     
15      12850   11998   852     
16      23996   20490   3506    
17      40980   30281   10699   
18      60562   37908   22654   
19      75816   39088   36728   
20      78176   33080   45096   
21      66160   23360   42800   
22      46720   14079   32641   
23      28158   6867    21291   
24      13734   2294    11440   
25      4588    463     4125    
26      926     53      873     
27      106     2       104     
28      4       0       4       

Building pass
Time for building(us): 2004083
Loading rules from ../test/my_rules/my_fw1_5k
4697 rules loaded

Estimate before updating
Overlap density = 125.524063 82.179939 19.204004 26.592846 1.088799 
Meet = 589461 385917 90182 124880 5113 
Meet num = 1195553
Average seg depth = 18.433812
Average density(by meet) = 92.647087
Updating rule num = 4697
Adapted base operation = 1.000000 
Estimated time:435163.375000 
Estimated time:435163.375000 
Estimating pass
Time for estimating(us): 93932

Updating

worst_depth = 48
average_depth = 22.522558
tree_node_num = 328186
leaf_node_num = 328187
total_memory = 5250984
depth   node    intrnl  leaf
0       1       1       0       
1       2       2       0       
2       4       4       0       
3       8       8       0       
4       16      16      0       
5       32      32      0       
6       64      64      0       
7       128     120     8       
8       240     216     24      
9       432     375     57      
10      750     645     105     
11      1290    1139    151     
12      2278    2001    277     
13      4002    3609    393     
14      7218    6665    553     
15      13330   12355   975     
16      24710   21126   3584    
17      42252   31542   10710   
18      63084   40352   22732   
19      80704   42941   37763   
20      85882   38539   47343   
21      77078   30182   46896   
22      60364   21772   38592   
23      43544   14779   28765   
24      29558   9734    19824   
25      19468   7103    12365   
26      14206   5823    8383    
27      11646   5144    6502    
28      10288   4695    5593    
29      9390    4335    5055    
30      8670    4017    4653    
31      8034    3652    4382    
32      7304    3244    4060    
33      6488    2845    3643    
34      5690    2375    3315    
35      4750    1917    2833    
36      3834    1483    2351    
37      2966    1102    1864    
38      2204    805     1399    
39      1610    558     1052    
40      1116    370     746     
41      740     236     504     
42      472     134     338     
43      268     73      195     
44      146     34      112     
45      68      15      53      
46      30      6       24      
47      12      1       11      
48      2       0       2       

Updating pass
Time for updating(us): 659300
****************************** end *********************************
alogrithm_0_7k
****************************** start *********************************
Note: estimator has been enabled!

Loading rule
Loading rules from ../test/rules/fw1_1K
792 rules loaded

Estimate before building
Overlap density = 149.241470 86.510742 18.830595 25.987358 1.061947 
Distribute = 241 344 25 83 10 
Average density = 97.247833 
Building rule num = 792 
Estimated time:770202.812500 
Estimating pass
Time for estimating(us): 16954

Building
segment_num = 241 344 25 83 10 

segment_total = 1720258000
worst_depth = 28
average_depth = 20.433725
tree_node_num = 234189
leaf_node_num = 234190
total_memory = 3747032
depth   node    intrnl  leaf
0       1       1       0       
1       2       2       0       
2       4       4       0       
3       8       8       0       
4       16      16      0       
5       32      32      0       
6       64      61      3       
7       122     108     14      
8       216     195     21      
9       390     346     44      
10      692     606     86      
11      1212    1079    133     
12      2158    1901    257     
13      3802    3442    360     
14      6884    6425    459     
15      12850   11998   852     
16      23996   20490   3506    
17      40980   30281   10699   
18      60562   37908   22654   
19      75816   39088   36728   
20      78176   33080   45096   
21      66160   23360   42800   
22      46720   14079   32641   
23      28158   6867    21291   
24      13734   2294    11440   
25      4588    463     4125    
26      926     53      873     
27      106     2       104     
28      4       0       4       

Building pass
Time for building(us): 2003167
Loading rules from ../test/my_rules/my_fw1_7k
6590 rules loaded

Estimate before updating
Overlap density = 123.765518 81.865685 19.141144 26.681135 1.079071 
Meet = 815491 539413 126121 175802 7110 
Meet num = 1663937
Average seg depth = 18.433812
Average density(by meet) = 91.470680
Updating rule num = 6590
Adapted base operation = 1.000000 
Estimated time:602791.812500 
Estimated time:602791.812500 
Estimating pass
Time for estimating(us): 130947

Updating

worst_depth = 41
average_depth = 21.274614
tree_node_num = 277559
leaf_node_num = 277560
total_memory = 4440952
depth   node    intrnl  leaf
0       1       1       0       
1       2       2       0       
2       4       4       0       
3       8       8       0       
4       16      16      0       
5       32      32      0       
6       64      62      2       
7       124     112     12      
8       224     201     23      
9       402     353     49      
10      706     618     88      
11      1236    1105    131     
12      2210    1950    260     
13      3900    3528    372     
14      7056    6539    517     
15      13078   12162   916     
16      24324   20772   3552    
17      41544   30770   10774   
18      61540   38899   22641   
19      77798   40895   36903   
20      81790   35991   45799   
21      71982   27494   44488   
22      54988   19162   35826   
23      38324   12318   26006   
24      24636   7328    17308   
25      14656   4660    9996    
26      9320    3367    5953    
27      6734    2584    4150    
28      5168    2063    3105    
29      4126    1538    2588    
30      3076    1122    1954    
31      2244    748     1496    
32      1496    477     1019    
33      954     288     666     
34      576     173     403     
35      346     97      249     
36      194     50      144     
37      100     32      68      
38      64      23      41      
39      46      10      36      
40      20      5       15      
41      10      0       10      

Updating pass
Time for updating(us): 662085
****************************** end *********************************
alogrithm_0_10k
****************************** start *********************************
Note: estimator has been enabled!

Loading rule
Loading rules from ../test/rules/fw1_1K
792 rules loaded

Estimate before building
Overlap density = 149.241470 86.510742 18.830595 25.987358 1.061947 
Distribute = 241 344 25 83 10 
Average density = 97.247833 
Building rule num = 792 
Estimated time:770202.812500 
Estimating pass
Time for estimating(us): 16967

Building
segment_num = 241 344 25 83 10 

segment_total = 1720258000
worst_depth = 28
average_depth = 20.433725
tree_node_num = 234189
leaf_node_num = 234190
total_memory = 3747032
depth   node    intrnl  leaf
0       1       1       0       
1       2       2       0       
2       4       4       0       
3       8       8       0       
4       16      16      0       
5       32      32      0       
6       64      61      3       
7       122     108     14      
8       216     195     21      
9       390     346     44      
10      692     606     86      
11      1212    1079    133     
12      2158    1901    257     
13      3802    3442    360     
14      6884    6425    459     
15      12850   11998   852     
16      23996   20490   3506    
17      40980   30281   10699   
18      60562   37908   22654   
19      75816   39088   36728   
20      78176   33080   45096   
21      66160   23360   42800   
22      46720   14079   32641   
23      28158   6867    21291   
24      13734   2294    11440   
25      4588    463     4125    
26      926     53      873     
27      106     2       104     
28      4       0       4       

Building pass
Time for building(us): 2005494
Loading rules from ../test/my_rules/my_fw1_10k
9350 rules loaded

Estimate before updating
Overlap density = 124.557495 79.327415 19.200985 26.632475 1.076265 
Meet = 1164488 741632 179510 248987 10062 
Meet num = 2344679
Average seg depth = 18.433812
Average density(by meet) = 91.256065
Updating rule num = 9350
Adapted base operation = 1.000000 
Estimated time:853244.187500 
Estimated time:853244.187500 
Estimating pass
Time for estimating(us): 182789

Updating

worst_depth = 40
average_depth = 21.227427
tree_node_num = 277332
leaf_node_num = 277333
total_memory = 4437320
depth   node    intrnl  leaf
0       1       1       0       
1       2       2       0       
2       4       4       0       
3       8       8       0       
4       16      16      0       
5       32      32      0       
6       64      61      3       
7       122     108     14      
8       216     195     21      
9       390     346     44      
10      692     607     85      
11      1214    1088    126     
12      2176    1921    255     
13      3842    3477    365     
14      6954    6473    481     
15      12946   12063   883     
16      24126   20636   3490    
17      41272   30689   10583   
18      61378   38867   22511   
19      77734   40964   36770   
20      81928   36196   45732   
21      72392   27887   44505   
22      55774   19700   36074   
23      39400   12884   26516   
24      25768   7857    17911   
25      15714   5032    10682   
26      10064   3391    6673    
27      6782    2317    4465    
28      4634    1553    3081    
29      3106    1036    2070    
30      2072    678     1394    
31      1356    440     916     
32      880     294     586     
33      588     198     390     
34      396     144     252     
35      288     88      200     
36      176     50      126     
37      100     22      78      
38      44      6       38      
39      12      1       11      
40      2       0       2       

Updating pass
Time for updating(us): 865065
****************************** end *********************************
