alogrithm_0_acl1
Note: estimator has been enabled!

Loading rule
Loading rules from ../test/rules/acl1
753 rules loaded

Estimate before building
Overlap density = 15.105053 3.139628 0.000000 73.434837 1.496011 
Distribute = 190 403 0 212 8 
Estimated time:182603.734375 
Estimating pass
Time for estimating: 18534(us)

Building
segment_num = 190 403 2 212 8 

segment_total = 259725440
worst_depth = 19
average_depth = 13.516893
tree_node_num = 3965
leaf_node_num = 3966
total_memory = 63448
depth   node    intrnl  leaf
0       1       1       0       
1       2       2       0       
2       4       4       0       
3       8       8       0       
4       16      16      0       
5       32      32      0       
6       64      63      1       
7       126     124     2       
8       248     237     11      
9       474     380     94      
10      760     493     267     
11      986     545     441     
12      1090    551     539     
13      1102    534     568     
14      1068    479     589     
15      958     313     645     
16      626     138     488     
17      276     40      236     
18      80      5       75      
19      10      0       10      

Building pass
Time for building: 90203(us)
alogrithm_0_acl1_100
Note: estimator has been enabled!

Loading rule
Loading rules from ../test/rules/acl1_100
99 rules loaded

Estimate before building
Overlap density = 7.295918 2.979592 0.000000 27.683674 1.744898 
Distribute = 63 123 0 77 8 
Estimated time:10856.152344 
Estimating pass
Time for estimating: 965(us)

Building
segment_num = 63 123 2 77 8 

segment_total = 9546768
worst_depth = 15
average_depth = 10.728084
tree_node_num = 672
leaf_node_num = 673
total_memory = 10760
depth   node    intrnl  leaf
0       1       1       0       
1       2       2       0       
2       4       4       0       
3       8       8       0       
4       16      16      0       
5       32      30      2       
6       60      54      6       
7       108     84      24      
8       168     105     63      
9       210     101     109     
10      202     101     101     
11      202     75      127     
12      150     55      95      
13      110     32      78      
14      64      4       60      
15      8       0       8       

Building pass
Time for building: 6193(us)
alogrithm_0_acl1_1K
Note: estimator has been enabled!

Loading rule
Loading rules from ../test/rules/acl1_1K
917 rules loaded

Estimate before building
Overlap density = 10.116812 3.883188 0.000000 52.423580 1.459607 
Distribute = 184 587 0 187 8 
Estimated time:132479.078125 
Estimating pass
Time for estimating: 27373(us)

Building
segment_num = 184 587 2 187 8 

segment_total = 323159936
worst_depth = 22
average_depth = 14.284364
tree_node_num = 5499
leaf_node_num = 5500
total_memory = 87992
depth   node    intrnl  leaf
0       1       1       0       
1       2       2       0       
2       4       4       0       
3       8       8       0       
4       16      16      0       
5       32      32      0       
6       64      64      0       
7       128     115     13      
8       230     193     37      
9       386     325     61      
10      650     489     161     
11      978     667     311     
12      1334    828     506     
13      1656    873     783     
14      1746    786     960     
15      1572    598     974     
16      1196    346     850     
17      692     120     572     
18      240     24      216     
19      48      5       43      
20      10      2       8       
21      4       1       3       
22      2       0       2       

Building pass
Time for building: 127470(us)
alogrithm_0_acl1_10K
Note: estimator has been enabled!

Loading rule
Loading rules from ../test/rules/acl1_10K
9603 rules loaded

Estimate before building
Overlap density = 13.465736 7.072277 0.000000 62.359718 1.508123 
Distribute = 9142 1450 0 205 8 
Estimated time:1298954.625000 
Estimating pass
Time for estimating: 2702368(us)

Building
segment_num = 9142 1450 2 205 8 

segment_total = 43479352000
worst_depth = 24
average_depth = 17.871771
tree_node_num = 60656
leaf_node_num = 60657
total_memory = 970504
depth   node    intrnl  leaf
0       1       1       0       
1       2       2       0       
2       4       4       0       
3       8       8       0       
4       16      16      0       
5       32      32      0       
6       64      64      0       
7       128     128     0       
8       256     256     0       
9       512     507     5       
10      1014    983     31      
11      1966    1787    179     
12      3574    2976    598     
13      5952    4597    1355    
14      9194    6246    2948    
15      12492   7611    4881    
16      15222   8437    6785    
17      16874   8694    8180    
18      17388   8088    9300    
19      16176   5999    10177   
20      11998   3119    8879    
21      6238    946     5292    
22      1892    148     1744    
23      296     7       289     
24      14      0       14      

Building pass
Time for building: 6753277(us)
alogrithm_0_fw1
Note: estimator has been enabled!

Loading rule
Loading rules from ../test/rules/fw1
270 rules loaded

Estimate before building
Overlap density = 71.576210 40.765800 19.342007 26.944239 1.122677 
Distribute = 113 132 25 85 10 
Estimated time:120236.796875 
Estimating pass
Time for estimating: 3492(us)

Building
segment_num = 113 132 25 85 10 

segment_total = 316965000
worst_depth = 24
average_depth = 17.783895
tree_node_num = 37578
leaf_node_num = 37579
total_memory = 601256
depth   node    intrnl  leaf
0       1       1       0       
1       2       2       0       
2       4       4       0       
3       8       8       0       
4       16      16      0       
5       32      32      0       
6       64      57      7       
7       114     95      19      
8       190     147     43      
9       294     257     37      
10      514     463     51      
11      926     846     80      
12      1692    1517    175     
13      3034    2631    403     
14      5262    4181    1081    
15      8362    5607    2755    
16      11214   6489    4725    
17      12978   6142    6836    
18      12284   4420    7864    
19      8840    2613    6227    
20      5226    1298    3928    
21      2596    564     2032    
22      1128    164     964     
23      328     24      304     
24      48      0       48      

Building pass
Time for building: 293254(us)
alogrithm_0_fw1_100
Note: estimator has been enabled!

Loading rule
Loading rules from ../test/rules/fw1_100
93 rules loaded

Estimate before building
Overlap density = 14.597826 14.054348 16.673914 15.771739 1.271739 
Distribute = 22 50 21 51 10 
Estimated time:13231.954102 
Estimating pass
Time for estimating: 631(us)

Building
segment_num = 22 50 21 51 10 

segment_total = 11781000
worst_depth = 20
average_depth = 13.960954
tree_node_num = 3943
leaf_node_num = 3944
total_memory = 63096
depth   node    intrnl  leaf
0       1       1       0       
1       2       2       0       
2       4       4       0       
3       8       8       0       
4       16      15      1       
5       30      27      3       
6       54      47      7       
7       94      76      18      
8       152     132     20      
9       264     230     34      
10      460     376     84      
11      752     574     178     
12      1148    722     426     
13      1444    700     744     
14      1400    532     868     
15      1064    305     759     
16      610     135     475     
17      270     42      228     
18      84      13      71      
19      26      2       24      
20      4       0       4       

Building pass
Time for building: 29691(us)
alogrithm_0_fw1_1K
Note: estimator has been enabled!

Loading rule
Loading rules from ../test/rules/fw1_1K
792 rules loaded

Estimate before building
Overlap density = 149.241470 86.510742 18.830595 25.987358 1.061947 
Distribute = 241 344 25 83 10 
Estimated time:770202.812500 
Estimating pass
Time for estimating: 17215(us)

Building
segment_num = 241 344 25 83 10 

segment_total = 1720258000
worst_depth = 28
average_depth = 20.433725
tree_node_num = 234189
leaf_node_num = 234190
total_memory = 3747032
depth   node    intrnl  leaf
0       1       1       0       
1       2       2       0       
2       4       4       0       
3       8       8       0       
4       16      16      0       
5       32      32      0       
6       64      61      3       
7       122     108     14      
8       216     195     21      
9       390     346     44      
10      692     606     86      
11      1212    1079    133     
12      2158    1901    257     
13      3802    3442    360     
14      6884    6425    459     
15      12850   11998   852     
16      23996   20490   3506    
17      40980   30281   10699   
18      60562   37908   22654   
19      75816   39088   36728   
20      78176   33080   45096   
21      66160   23360   42800   
22      46720   14079   32641   
23      28158   6867    21291   
24      13734   2294    11440   
25      4588    463     4125    
26      926     53      873     
27      106     2       104     
28      4       0       4       

Building pass
Time for building: 2026308(us)
alogrithm_0_fw1_10K
Note: estimator has been enabled!

Loading rule
Loading rules from ../test/rules/fw1_10K
9311 rules loaded

Estimate before building
Overlap density = 4432.062500 3526.016357 19.400860 27.215038 1.080881 
Distribute = 7275 13902 25 85 10 
Estimated time:355287616.000000 
Estimating pass
Time for estimating: 5198069(us)

Building
segment_num = 7275 13902 25 85 10 

segment_total = 2149162312500
worst_depth = 37
average_depth = 28.497440
tree_node_num = 64519577
leaf_node_num = 64519578
total_memory = 1032313240
depth   node    intrnl  leaf
0       1       1       0       
1       2       2       0       
2       4       4       0       
3       8       8       0       
4       16      16      0       
5       32      32      0       
6       64      64      0       
7       128     128     0       
8       256     256     0       
9       512     512     0       
10      1024    994     30      
11      1988    1878    110     
12      3756    3401    355     
13      6802    6047    755     
14      12094   11117   977     
15      22234   20634   1600    
16      41268   37461   3807    
17      74922   66366   8556    
18      132732  119335  13397   
19      238670  222021  16649   
20      444042  422534  21508   
21      845068  815396  29672   
22      1630792 1579923 50869   
23      3159846 2968886 190960  
24      5937772 5204583 733189  
25      104091668184485 2224681 
26      16368970109207685448202 
27      218415361177230910069227
28      235446189972220 13572398
29      199444406643559 13300881
30      132871183514897 9772221 
31      7029794 1458976 5570818 
32      2917952 456443  2461509 
33      912886  99475   813411  
34      198950  13794   185156  
35      27588   1036    26552   
36      2072    16      2056    
37      32      0       32      

Building pass
Time for building: 584226109(us)
alogrithm_0_ipc1
Note: estimator has been enabled!

Loading rule
Loading rules from ../test/rules/ipc1
1550 rules loaded

Estimate before building
Overlap density = 27.166559 21.060040 51.499031 54.417690 4.417043 
Distribute = 302 251 64 99 14 
Estimated time:472123.625000 
Estimating pass
Time for estimating: 34386(us)

Building
segment_num = 302 251 64 99 14 

segment_total = 6723940608
worst_depth = 26
average_depth = 19.563639
tree_node_num = 190534
leaf_node_num = 190535
total_memory = 3048552
depth   node    intrnl  leaf
0       1       1       0       
1       2       2       0       
2       4       4       0       
3       8       8       0       
4       16      16      0       
5       32      32      0       
6       64      64      0       
7       128     128     0       
8       256     256     0       
9       512     502     10      
10      1004    954     50      
11      1908    1770    138     
12      3540    3215    325     
13      6430    5686    744     
14      11372   9600    1772    
15      19200   14970   4230    
16      29940   21376   8564    
17      42752   27504   15248   
18      55008   31092   23916   
19      62184   29617   32567   
20      59234   22763   36471   
21      45526   13138   32388   
22      26276   5790    20486   
23      11580   1707    9873    
24      3414    309     3105    
25      618     30      588     
26      60      0       60      

Building pass
Time for building: 2001749(us)
alogrithm_0_ipc1_100
Note: estimator has been enabled!

Loading rule
Loading rules from ../test/rules/ipc1_100
100 rules loaded

Estimate before building
Overlap density = 18.474747 10.717172 22.343435 16.141415 3.373737 
Distribute = 120 121 27 27 8 
Estimated time:15114.946289 
Estimating pass
Time for estimating: 1132(us)

Building
segment_num = 120 121 27 27 8 

segment_total = 84680640
worst_depth = 18
average_depth = 12.291861
tree_node_num = 1719
leaf_node_num = 1720
total_memory = 27512
depth   node    intrnl  leaf
0       1       1       0       
1       2       2       0       
2       4       4       0       
3       8       8       0       
4       16      16      0       
5       32      32      0       
6       64      64      0       
7       128     121     7       
8       242     180     62      
9       360     226     134     
10      452     229     223     
11      458     234     224     
12      468     228     240     
13      456     186     270     
14      372     118     254     
15      236     51      185     
16      102     17      85      
17      34      2       32      
18      4       0       4       

Building pass
Time for building: 11830(us)
alogrithm_0_ipc1_1K
Note: estimator has been enabled!

Loading rule
Loading rules from ../test/rules/ipc1_1K
938 rules loaded

Estimate before building
Overlap density = 41.909286 53.889008 42.153683 47.847385 4.352188 
Distribute = 612 816 52 82 12 
Estimated time:451656.031250 
Estimating pass
Time for estimating: 44285(us)

Building
segment_num = 612 816 52 82 12 

segment_total = 25552889856
worst_depth = 26
average_depth = 18.323019
tree_node_num = 95529
leaf_node_num = 95530
total_memory = 1528472
depth   node    intrnl  leaf
0       1       1       0       
1       2       2       0       
2       4       4       0       
3       8       8       0       
4       16      16      0       
5       32      32      0       
6       64      64      0       
7       128     128     0       
8       256     256     0       
9       512     510     2       
10      1020    1016    4       
11      2032    1963    69      
12      3926    3630    296     
13      7260    6195    1065    
14      12390   9387    3003    
15      18774   12276   6498    
16      24552   13901   10651   
17      27802   13711   14091   
18      27422   11795   15627   
19      23590   9019    14571   
20      18038   6054    11984   
21      12108   3483    8625    
22      6966    1513    5453    
23      3026    489     2537    
24      978     72      906     
25      144     4       140     
26      8       0       8       

Building pass
Time for building: 787389(us)
alogrithm_0_ipc1_10K
Note: estimator has been enabled!

Loading rule
Loading rules from ../test/rules/ipc1_10K
9037 rules loaded

Estimate before building
Overlap density = 175.450867 253.230087 51.712261 55.397411 4.650841 
Distribute = 2807 4866 64 99 14 
Estimated time:19957002.000000 
Estimating pass
Time for estimating: 2042390(us)

Building
segment_num = 2807 4866 64 99 14 

segment_total = 1211595694848
worst_depth = 35
average_depth = 25.621574
tree_node_num = 4277569
leaf_node_num = 4277570
total_memory = 68441112
depth   node    intrnl  leaf
0       1       1       0       
1       2       2       0       
2       4       4       0       
3       8       8       0       
4       16      16      0       
5       32      32      0       
6       64      64      0       
7       128     128     0       
8       256     256     0       
9       512     512     0       
10      1024    1024    0       
11      2048    2048    0       
12      4096    4090    6       
13      8180    8081    99      
14      16162   15547   615     
15      31094   28672   2422    
16      57344   49970   7374    
17      99940   81879   18061   
18      163758  126183  37575   
19      252366  181160  71206   
20      362320  242084  120236  
21      484168  311742  172426  
22      623484  397189  226295  
23      794378  484929  309449  
24      969858  537494  432364  
25      1074988 519664  555324  
26      1039328 444614  594714  
27      889228  347407  541821  
28      694814  244783  450031  
29      489566  147047  342519  
30      294094  70244   223850  
31      140488  24463   116025  
32      48926   5528    43398   
33      11056   680     10376   
34      1360    24      1336    
35      48      0       48      

Building pass
Time for building: 57869801(us)
