alogrithm_0_100
****************************** start *********************************
Note: estimator has been enabled!

Loading rule
Loading rules from ../test/my_rules/my_ipc1_20k
18986 rules loaded

Estimate before building
Overlap density = 1303.061035 715.894104 51.292442 56.898129 4.806426 
Distribute = 12990 9484 64 99 14 
Average density = 1047.427612 
Building rule num = 18986 
Estimated time:198864608.000000 
Estimating pass
Time for estimating(us): 11532900

Building
segment_num = 12990 9484 64 99 14 

segment_total = 10928080880640
worst_depth = 39
average_depth = 29.342558
tree_node_num = 98307022
leaf_node_num = 98307023
total_memory = 1572912360
depth   node    intrnl  leaf
0       1       1       0       
1       2       2       0       
2       4       4       0       
3       8       8       0       
4       16      16      0       
5       32      32      0       
6       64      64      0       
7       128     128     0       
8       256     256     0       
9       512     512     0       
10      1024    1024    0       
11      2048    2048    0       
12      4096    4096    0       
13      8192    8192    0       
14      16384   16384   0       
15      32768   32754   14      
16      65508   65417   91      
17      130834  129795  1039    
18      259590  252088  7502    
19      504176  471438  32738   
20      942876  843199  99677   
21      1686398 1431487 254911  
22      2862974 2292559 570415  
23      4585118 3526034 1059084 
24      7052068 5333074 1718994 
25      106661487909818 2756330 
26      15819636111304854689151 
27      22260970141117398149231 
28      282234781535285212870626
29      307057041391983116785873
30      278396621038926117450401
31      207785226334395 14444127
32      126687903114564 9554226 
33      6229128 1203075 5026053 
34      2406150 349374  2056776 
35      698748  71283   627465  
36      142566  9146    133420  
37      18292   581     17711   
38      1162    6       1156    
39      12      0       12      

Building pass
Time for building(us): 1999780568
Loading rules from ../test/my_rules/my_ipc1_100
100 rules loaded

Estimate before updating
Overlap density = 1374.797974 574.898987 53.101009 55.545456 5.373737 
Meet = 136105 56915 5257 5499 532 
Meet num = 204308
Average seg depth = 27.342560
Average density(by meet) = 1078.884399
Updating rule num = 100
Base operation = 1.000000 
Adapted factor = 10.000000 
Estimated time:1078884.375000 
Estimating pass
Time for estimating(us): 126170

Updating

worst_depth = 41
average_depth = 29.361670
tree_node_num = 99855995
leaf_node_num = 99855996
total_memory = 1597695928
depth   node    intrnl  leaf
0       1       1       0       
1       2       2       0       
2       4       4       0       
3       8       8       0       
4       16      16      0       
5       32      32      0       
6       64      64      0       
7       128     128     0       
8       256     256     0       
9       512     512     0       
10      1024    1024    0       
11      2048    2048    0       
12      4096    4096    0       
13      8192    8192    0       
14      16384   16384   0       
15      32768   32759   9       
16      65518   65434   84      
17      130868  129870  998     
18      259740  252806  6934    
19      505612  474242  31370   
20      948484  849557  98927   
21      1699114 1442931 256183  
22      2885862 2313752 572110  
23      4627504 3563741 1063763 
24      7127482 5395239 1732243 
25      107904788001517 2788961 
26      16003034112527704750264 
27      22505540142696048235936 
28      285392081555038812988820
29      311007761414256616958210
30      282851321060120017683932
31      212024006502243 14700157
32      130044863227622 9776864 
33      6455244 1269199 5186045 
34      2538398 383059  2155339 
35      766118  85970   680148  
36      171940  14386   157554  
37      28772   2034    26738   
38      4068    302     3766    
39      604     35      569     
40      70      2       68      
41      4       0       4       

Updating pass
Time for updating(us): 27324639
****************************** end *********************************
alogrithm_0_500
****************************** start *********************************
Note: estimator has been enabled!

Loading rule
Loading rules from ../test/my_rules/my_ipc1_20k
18986 rules loaded

Estimate before building
Overlap density = 1303.061035 715.894104 51.292442 56.898129 4.806426 
Distribute = 12990 9484 64 99 14 
Average density = 1047.427612 
Building rule num = 18986 
Estimated time:198864608.000000 
Estimating pass
Time for estimating(us): 11525321

Building
segment_num = 12990 9484 64 99 14 

segment_total = 10928080880640
worst_depth = 39
average_depth = 29.342558
tree_node_num = 98307022
leaf_node_num = 98307023
total_memory = 1572912360
depth   node    intrnl  leaf
0       1       1       0       
1       2       2       0       
2       4       4       0       
3       8       8       0       
4       16      16      0       
5       32      32      0       
6       64      64      0       
7       128     128     0       
8       256     256     0       
9       512     512     0       
10      1024    1024    0       
11      2048    2048    0       
12      4096    4096    0       
13      8192    8192    0       
14      16384   16384   0       
15      32768   32754   14      
16      65508   65417   91      
17      130834  129795  1039    
18      259590  252088  7502    
19      504176  471438  32738   
20      942876  843199  99677   
21      1686398 1431487 254911  
22      2862974 2292559 570415  
23      4585118 3526034 1059084 
24      7052068 5333074 1718994 
25      106661487909818 2756330 
26      15819636111304854689151 
27      22260970141117398149231 
28      282234781535285212870626
29      307057041391983116785873
30      278396621038926117450401
31      207785226334395 14444127
32      126687903114564 9554226 
33      6229128 1203075 5026053 
34      2406150 349374  2056776 
35      698748  71283   627465  
36      142566  9146    133420  
37      18292   581     17711   
38      1162    6       1156    
39      12      0       12      

Building pass
Time for building(us): 1994789352
Loading rules from ../test/my_rules/my_ipc1_500
484 rules loaded

Estimate before updating
Overlap density = 1541.351929 559.915100 51.672878 60.542442 5.002070 
Meet = 744473 270439 24958 29242 2416 
Meet num = 1071528
Average seg depth = 27.342560
Average density(by meet) = 1215.077881
Updating rule num = 484
Base operation = 1.000000 
Adapted factor = 10.000000 
Estimated time:5880977.000000 
Estimating pass
Time for estimating(us): 374451

Updating

worst_depth = 51
average_depth = 29.489288
tree_node_num = 103897763
leaf_node_num = 103897764
total_memory = 1662364216
depth   node    intrnl  leaf
0       1       1       0       
1       2       2       0       
2       4       4       0       
3       8       8       0       
4       16      16      0       
5       32      32      0       
6       64      64      0       
7       128     128     0       
8       256     256     0       
9       512     512     0       
10      1024    1024    0       
11      2048    2048    0       
12      4096    4096    0       
13      8192    8192    0       
14      16384   16384   0       
15      32768   32754   14      
16      65508   65424   84      
17      130848  129933  915     
18      259866  252668  7198    
19      505336  473103  32233   
20      946206  847821  98385   
21      1695642 1443117 252525  
22      2886234 2319179 567055  
23      4638358 3580252 1058106 
24      7160504 5430909 1729595 
25      108618188070181 2791637 
26      16140362113819374758425 
27      22763874144948658269009 
28      289897301590515613084574
29      318103121463825317172059
30      292765061119819318078313
31      223963867113942 15282444
32      142278843763988 10463896
33      7527976 1678485 5849491 
34      3356970 655438  2701532 
35      1310876 241258  1069618 
36      482516  88933   393583  
37      177866  32953   144913  
38      65906   12909   52997   
39      25818   5828    19990   
40      11656   3106    8550    
41      6212    1807    4405    
42      3614    1073    2541    
43      2146    643     1503    
44      1286    399     887     
45      798     243     555     
46      486     137     349     
47      274     70      204     
48      140     29      111     
49      58      8       50      
50      16      2       14      
51      4       0       4       

Updating pass
Time for updating(us): 16908825
****************************** end *********************************
alogrithm_0_1k
****************************** start *********************************
Note: estimator has been enabled!

Loading rule
Loading rules from ../test/my_rules/my_ipc1_20k
18986 rules loaded

Estimate before building
Overlap density = 1303.061035 715.894104 51.292442 56.898129 4.806426 
Distribute = 12990 9484 64 99 14 
Average density = 1047.427612 
Building rule num = 18986 
Estimated time:198864608.000000 
Estimating pass
Time for estimating(us): 11505969

Building
segment_num = 12990 9484 64 99 14 

segment_total = 10928080880640
worst_depth = 39
average_depth = 29.342558
tree_node_num = 98307022
leaf_node_num = 98307023
total_memory = 1572912360
depth   node    intrnl  leaf
0       1       1       0       
1       2       2       0       
2       4       4       0       
3       8       8       0       
4       16      16      0       
5       32      32      0       
6       64      64      0       
7       128     128     0       
8       256     256     0       
9       512     512     0       
10      1024    1024    0       
11      2048    2048    0       
12      4096    4096    0       
13      8192    8192    0       
14      16384   16384   0       
15      32768   32754   14      
16      65508   65417   91      
17      130834  129795  1039    
18      259590  252088  7502    
19      504176  471438  32738   
20      942876  843199  99677   
21      1686398 1431487 254911  
22      2862974 2292559 570415  
23      4585118 3526034 1059084 
24      7052068 5333074 1718994 
25      106661487909818 2756330 
26      15819636111304854689151 
27      22260970141117398149231 
28      282234781535285212870626
29      307057041391983116785873
30      278396621038926117450401
31      207785226334395 14444127
32      126687903114564 9554226 
33      6229128 1203075 5026053 
34      2406150 349374  2056776 
35      698748  71283   627465  
36      142566  9146    133420  
37      18292   581     17711   
38      1162    6       1156    
39      12      0       12      

Building pass
Time for building(us): 1995977826
Loading rules from ../test/my_rules/my_ipc1_1k
942 rules loaded

Estimate before updating
Overlap density = 1106.604736 627.369812 51.085014 57.650372 4.775771 
Meet = 1041315 590355 48071 54249 4494 
Meet num = 1738484
Average seg depth = 27.342560
Average density(by meet) = 879.098999
Updating rule num = 942
Base operation = 1.000000 
Adapted factor = 10.000000 
Estimated time:8281112.500000 
Estimating pass
Time for estimating(us): 676899

Updating

worst_depth = 51
average_depth = 29.644976
tree_node_num = 109934330
leaf_node_num = 109934331
total_memory = 1758949288
depth   node    intrnl  leaf
0       1       1       0       
1       2       2       0       
2       4       4       0       
3       8       8       0       
4       16      16      0       
5       32      32      0       
6       64      64      0       
7       128     128     0       
8       256     256     0       
9       512     512     0       
10      1024    1024    0       
11      2048    2048    0       
12      4096    4096    0       
13      8192    8192    0       
14      16384   16384   0       
15      32768   32754   14      
16      65508   65426   82      
17      130852  129856  996     
18      259712  252792  6920    
19      505584  474381  31203   
20      948762  851295  97467   
21      1702590 1449953 252637  
22      2899906 2331824 568082  
23      4663648 3603738 1059910 
24      7207476 5477264 1730212 
25      109545288166591 2787937 
26      16333182115773534755829 
27      23154706148686678286039 
28      297373341653546813201866
29      330709361552216617548770
30      310443321221753218826800
31      244350648066678 16368386
32      161333564489007 11644349
33      8978014 2136250 6841764 
34      4272500 904424  3368076 
35      1808848 372376  1436472 
36      744752  168882  575870  
37      337764  88683   249081  
38      177366  50912   126454  
39      101824  29880   71944   
40      59760   17516   42244   
41      35032   10101   24931   
42      20202   5423    14779   
43      10846   2531    8315    
44      5062    1053    4009    
45      2106    512     1594    
46      1024    208     816     
47      416     57      359     
48      114     8       106     
49      16      1       15      
50      2       1       1       
51      2       0       2       

Updating pass
Time for updating(us): 38318705
****************************** end *********************************
alogrithm_0_5k
****************************** start *********************************
Note: estimator has been enabled!

Loading rule
Loading rules from ../test/my_rules/my_ipc1_20k
18986 rules loaded

Estimate before building
Overlap density = 1303.061035 715.894104 51.292442 56.898129 4.806426 
Distribute = 12990 9484 64 99 14 
Average density = 1047.427612 
Building rule num = 18986 
Estimated time:198864608.000000 
Estimating pass
Time for estimating(us): 11602722

Building
segment_num = 12990 9484 64 99 14 

segment_total = 10928080880640
worst_depth = 39
average_depth = 29.342558
tree_node_num = 98307022
leaf_node_num = 98307023
total_memory = 1572912360
depth   node    intrnl  leaf
0       1       1       0       
1       2       2       0       
2       4       4       0       
3       8       8       0       
4       16      16      0       
5       32      32      0       
6       64      64      0       
7       128     128     0       
8       256     256     0       
9       512     512     0       
10      1024    1024    0       
11      2048    2048    0       
12      4096    4096    0       
13      8192    8192    0       
14      16384   16384   0       
15      32768   32754   14      
16      65508   65417   91      
17      130834  129795  1039    
18      259590  252088  7502    
19      504176  471438  32738   
20      942876  843199  99677   
21      1686398 1431487 254911  
22      2862974 2292559 570415  
23      4585118 3526034 1059084 
24      7052068 5333074 1718994 
25      106661487909818 2756330 
26      15819636111304854689151 
27      22260970141117398149231 
28      282234781535285212870626
29      307057041391983116785873
30      278396621038926117450401
31      207785226334395 14444127
32      126687903114564 9554226 
33      6229128 1203075 5026053 
34      2406150 349374  2056776 
35      698748  71283   627465  
36      142566  9146    133420  
37      18292   581     17711   
38      1162    6       1156    
39      12      0       12      

Building pass
Time for building(us): 1994971428
Loading rules from ../test/my_rules/my_ipc1_5k
4340 rules loaded

Estimate before updating
Overlap density = 1324.208130 683.563293 50.508411 55.924175 4.529154 
Meet = 5745739 2965981 219156 242655 19652 
Meet num = 9193183
Average seg depth = 27.342560
Average density(by meet) = 1050.856812
Updating rule num = 4340
Base operation = 1.000000 
Adapted factor = 10.000000 
Estimated time:45607184.000000 
Estimating pass
Time for estimating(us): 2848099

Updating

worst_depth = 56
average_depth = 30.897017
tree_node_num = 163005974
leaf_node_num = 163005975
total_memory = 2608095592
depth   node    intrnl  leaf
0       1       1       0       
1       2       2       0       
2       4       4       0       
3       8       8       0       
4       16      16      0       
5       32      32      0       
6       64      64      0       
7       128     128     0       
8       256     256     0       
9       512     512     0       
10      1024    1024    0       
11      2048    2048    0       
12      4096    4096    0       
13      8192    8192    0       
14      16384   16384   0       
15      32768   32754   14      
16      65508   65427   81      
17      130854  129891  963     
18      259782  253082  6700    
19      506164  475868  30296   
20      951736  856640  95096   
21      1713280 1466025 247255  
22      2932050 2376255 555795  
23      4752510 3714695 1037815 
24      7429390 5737932 1691458 
25      114758648762338 2713526 
26      17524676128734244651252 
27      25746848173919128354936 
28      347838242068477614099048
29      413695522116549920204053
30      423309981873359823597400
31      374671961477472722692469
32      295494541083837018711084
33      216767407675551 14001189
34      153511025334271 10016831
35      106685423627825 7040717 
36      7255650 2383472 4872178 
37      4766944 1501723 3265221 
38      3003446 909658  2093788 
39      1819316 534505  1284811 
40      1069010 306307  762703  
41      612614  170636  441978  
42      341272  93091   248181  
43      186182  50792   135390  
44      101584  26841   74743   
45      53682   13578   40104   
46      27156   6482    20674   
47      12964   3016    9948    
48      6032    1357    4675    
49      2714    542     2172    
50      1084    215     869     
51      430     83      347     
52      166     34      132     
53      68      11      57      
54      22      3       19      
55      6       1       5       
56      2       0       2       

Updating pass
Time for updating(us): 130028164
****************************** end *********************************
alogrithm_0_7k
****************************** start *********************************
Note: estimator has been enabled!

Loading rule
Loading rules from ../test/my_rules/my_ipc1_20k
18986 rules loaded

Estimate before building
Overlap density = 1303.061035 715.894104 51.292442 56.898129 4.806426 
Distribute = 12990 9484 64 99 14 
Average density = 1047.427612 
Building rule num = 18986 
Estimated time:198864608.000000 
Estimating pass
Time for estimating(us): 11584396

Building
segment_num = 12990 9484 64 99 14 

segment_total = 10928080880640
worst_depth = 39
average_depth = 29.342558
tree_node_num = 98307022
leaf_node_num = 98307023
total_memory = 1572912360
depth   node    intrnl  leaf
0       1       1       0       
1       2       2       0       
2       4       4       0       
3       8       8       0       
4       16      16      0       
5       32      32      0       
6       64      64      0       
7       128     128     0       
8       256     256     0       
9       512     512     0       
10      1024    1024    0       
11      2048    2048    0       
12      4096    4096    0       
13      8192    8192    0       
14      16384   16384   0       
15      32768   32754   14      
16      65508   65417   91      
17      130834  129795  1039    
18      259590  252088  7502    
19      504176  471438  32738   
20      942876  843199  99677   
21      1686398 1431487 254911  
22      2862974 2292559 570415  
23      4585118 3526034 1059084 
24      7052068 5333074 1718994 
25      106661487909818 2756330 
26      15819636111304854689151 
27      22260970141117398149231 
28      282234781535285212870626
29      307057041391983116785873
30      278396621038926117450401
31      207785226334395 14444127
32      126687903114564 9554226 
33      6229128 1203075 5026053 
34      2406150 349374  2056776 
35      698748  71283   627465  
36      142566  9146    133420  
37      18292   581     17711   
38      1162    6       1156    
39      12      0       12      

Building pass
Time for building(us): 1997840870
Loading rules from ../test/my_rules/my_ipc1_7k
6188 rules loaded

Estimate before updating
Overlap density = 1402.145996 705.814941 50.368515 57.082432 4.654275 
Meet = 8675077 4366877 311630 353169 28796 
Meet num = 13735549
Average seg depth = 27.342560
Average density(by meet) = 1112.581665
Updating rule num = 6188
Base operation = 1.000000 
Adapted factor = 10.000000 
Estimated time:68846552.000000 
Estimating pass
Time for estimating(us): 3997629

Updating

worst_depth = 64
average_depth = 31.347752
tree_node_num = 177953728
leaf_node_num = 177953729
total_memory = 2847259656
depth   node    intrnl  leaf
0       1       1       0       
1       2       2       0       
2       4       4       0       
3       8       8       0       
4       16      16      0       
5       32      32      0       
6       64      64      0       
7       128     128     0       
8       256     256     0       
9       512     512     0       
10      1024    1024    0       
11      2048    2048    0       
12      4096    4096    0       
13      8192    8192    0       
14      16384   16384   0       
15      32768   32755   13      
16      65510   65446   64      
17      130892  130102  790     
18      260204  253555  6649    
19      507110  476792  30318   
20      953584  860020  93564   
21      1720040 1478115 241925  
22      2956230 2406594 549636  
23      4813188 3775425 1037763 
24      7550850 5839899 1710951 
25      116797988902000 2777798 
26      17804000130301414773859 
27      26060282175397438520539 
28      350794862087428914205197
29      417485782161314620135432
30      432262921969341923532873
31      393868381625689823129940
32      325137961256807819945718
33      251361569340025 15796131
34      186800506775766 11904284
35      135515324848279 8703253 
36      9696558 3453808 6242750 
37      6907616 2443944 4463672 
38      4887888 1707097 3180791 
39      3414194 1176046 2238148 
40      2352092 800650  1551442 
41      1601300 539591  1061709 
42      1079182 359232  719950  
43      718464  238527  479937  
44      477054  157220  319834  
45      314440  104777  209663  
46      209554  69276   140278  
47      138552  44069   94483   
48      88138   26587   61551   
49      53174   15446   37728   
50      30892   9187    21705   
51      18374   5635    12739   
52      11270   3535    7735    
53      7070    2224    4846    
54      4448    1427    3021    
55      2854    908     1946    
56      1816    540     1276    
57      1080    320     760     
58      640     193     447     
59      386     122     264     
60      244     75      169     
61      150     30      120     
62      60      7       53      
63      14      1       13      
64      2       0       2       

Updating pass
Time for updating(us): 175377764
****************************** end *********************************
alogrithm_0_10k
