alogrithm_0_100
****************************** start *********************************
Note: estimator has been enabled!

Loading rule
Loading rules from ../test/rules/ipc1_10K
9037 rules loaded

Estimate before building
Overlap density = 175.450867 253.230087 51.712261 55.397411 4.650841 
Distribute = 2807 4866 64 99 14 
Average density = 220.836594 
Building rule num = 9037 
Estimated time:19957002.000000 
Estimating pass
Time for estimating(us): 2048338

Building
segment_num = 2807 4866 64 99 14 

segment_total = 1211595694848
worst_depth = 35
average_depth = 25.621574
tree_node_num = 4277569
leaf_node_num = 4277570
total_memory = 68441112
depth   node    intrnl  leaf
0       1       1       0       
1       2       2       0       
2       4       4       0       
3       8       8       0       
4       16      16      0       
5       32      32      0       
6       64      64      0       
7       128     128     0       
8       256     256     0       
9       512     512     0       
10      1024    1024    0       
11      2048    2048    0       
12      4096    4090    6       
13      8180    8081    99      
14      16162   15547   615     
15      31094   28672   2422    
16      57344   49970   7374    
17      99940   81879   18061   
18      163758  126183  37575   
19      252366  181160  71206   
20      362320  242084  120236  
21      484168  311742  172426  
22      623484  397189  226295  
23      794378  484929  309449  
24      969858  537494  432364  
25      1074988 519664  555324  
26      1039328 444614  594714  
27      889228  347407  541821  
28      694814  244783  450031  
29      489566  147047  342519  
30      294094  70244   223850  
31      140488  24463   116025  
32      48926   5528    43398   
33      11056   680     10376   
34      1360    24      1336    
35      48      0       48      

Building pass
Time for building(us): 57463478
Loading rules from ../test/my_rules/my_ipc1_100
100 rules loaded

Estimate before updating
Overlap density = 298.101013 294.454559 53.101009 55.545456 5.373737 
Meet = 29512 29151 5257 5499 532 
Meet num = 69951
Average seg depth = 23.621580
Average density(by meet) = 256.874908
Updating rule num = 100
Base operation = 1.000000 
Adapted factor = 10.000000 
Estimated time:256874.906250 
Estimating pass
Time for estimating(us): 47050

Updating

worst_depth = 36
average_depth = 25.587296
tree_node_num = 4513501
leaf_node_num = 4513502
total_memory = 72216024
depth   node    intrnl  leaf
0       1       1       0       
1       2       2       0       
2       4       4       0       
3       8       8       0       
4       16      16      0       
5       32      32      0       
6       64      64      0       
7       128     128     0       
8       256     256     0       
9       512     512     0       
10      1024    1024    0       
11      2048    2048    0       
12      4096    4094    2       
13      8188    8127    61      
14      16254   15794   460     
15      31588   29619   1969    
16      59238   52653   6585    
17      105306  87991   17315   
18      175982  137801  38181   
19      275602  199274  76328   
20      398548  265836  132712  
21      531672  338835  192837  
22      677670  424381  253289  
23      848762  509569  339193  
24      1019138 558270  460868  
25      1116540 536709  579831  
26      1073418 458626  614792  
27      917252  358893  558359  
28      717786  254070  463716  
29      508140  154522  353618  
30      309044  76059   232985  
31      152118  28461   123657  
32      56922   7784    49138   
33      15568   1656    13912   
34      3312    330     2982    
35      660     52      608     
36      104     0       104     

Updating pass
Time for updating(us): 1046351
****************************** end *********************************
alogrithm_0_500
****************************** start *********************************
Note: estimator has been enabled!

Loading rule
Loading rules from ../test/rules/ipc1_10K
9037 rules loaded

Estimate before building
Overlap density = 175.450867 253.230087 51.712261 55.397411 4.650841 
Distribute = 2807 4866 64 99 14 
Average density = 220.836594 
Building rule num = 9037 
Estimated time:19957002.000000 
Estimating pass
Time for estimating(us): 2053383

Building
segment_num = 2807 4866 64 99 14 

segment_total = 1211595694848
worst_depth = 35
average_depth = 25.621574
tree_node_num = 4277569
leaf_node_num = 4277570
total_memory = 68441112
depth   node    intrnl  leaf
0       1       1       0       
1       2       2       0       
2       4       4       0       
3       8       8       0       
4       16      16      0       
5       32      32      0       
6       64      64      0       
7       128     128     0       
8       256     256     0       
9       512     512     0       
10      1024    1024    0       
11      2048    2048    0       
12      4096    4090    6       
13      8180    8081    99      
14      16162   15547   615     
15      31094   28672   2422    
16      57344   49970   7374    
17      99940   81879   18061   
18      163758  126183  37575   
19      252366  181160  71206   
20      362320  242084  120236  
21      484168  311742  172426  
22      623484  397189  226295  
23      794378  484929  309449  
24      969858  537494  432364  
25      1074988 519664  555324  
26      1039328 444614  594714  
27      889228  347407  541821  
28      694814  244783  450031  
29      489566  147047  342519  
30      294094  70244   223850  
31      140488  24463   116025  
32      48926   5528    43398   
33      11056   680     10376   
34      1360    24      1336    
35      48      0       48      

Building pass
Time for building(us): 57369764
Loading rules from ../test/my_rules/my_ipc1_500
484 rules loaded

Estimate before updating
Overlap density = 332.188416 286.262939 51.672878 60.542442 5.002070 
Meet = 160447 138265 24958 29242 2416 
Meet num = 355328
Average seg depth = 23.621580
Average density(by meet) = 270.034698
Updating rule num = 484
Base operation = 1.000000 
Adapted factor = 10.000000 
Estimated time:1306968.000000 
Estimating pass
Time for estimating(us): 134601

Updating

worst_depth = 44
average_depth = 25.971771
tree_node_num = 5643742
leaf_node_num = 5643743
total_memory = 90299880
depth   node    intrnl  leaf
0       1       1       0       
1       2       2       0       
2       4       4       0       
3       8       8       0       
4       16      16      0       
5       32      32      0       
6       64      64      0       
7       128     128     0       
8       256     256     0       
9       512     512     0       
10      1024    1024    0       
11      2048    2048    0       
12      4096    4095    1       
13      8190    8150    40      
14      16300   15909   391     
15      31818   29965   1853    
16      59930   53646   6284    
17      107292  90619   16673   
18      181238  144439  36799   
19      288878  214723  74155   
20      429446  296605  132841  
21      593210  390849  202361  
22      781698  500933  280765  
23      1001866 613187  388679  
24      1226374 688602  537772  
25      1377204 684685  692519  
26      1369370 607635  761735  
27      1215270 490454  724816  
28      980908  356650  624258  
29      713300  226196  487104  
30      452392  122072  330320  
31      244144  56430   187714  
32      112860  24000   88860   
33      48000   10696   37304   
34      21392   5019    16373   
35      10038   2261    7777    
36      4522    948     3574    
37      1896    425     1471    
38      850     215     635     
39      430     119     311     
40      238     64      174     
41      128     37      91      
42      74      14      60      
43      28      5       23      
44      10      0       10      

Updating pass
Time for updating(us): 1226844
****************************** end *********************************
alogrithm_0_1k
****************************** start *********************************
Note: estimator has been enabled!

Loading rule
Loading rules from ../test/rules/ipc1_10K
9037 rules loaded

Estimate before building
Overlap density = 175.450867 253.230087 51.712261 55.397411 4.650841 
Distribute = 2807 4866 64 99 14 
Average density = 220.836594 
Building rule num = 9037 
Estimated time:19957002.000000 
Estimating pass
Time for estimating(us): 2045916

Building
segment_num = 2807 4866 64 99 14 

segment_total = 1211595694848
worst_depth = 35
average_depth = 25.621574
tree_node_num = 4277569
leaf_node_num = 4277570
total_memory = 68441112
depth   node    intrnl  leaf
0       1       1       0       
1       2       2       0       
2       4       4       0       
3       8       8       0       
4       16      16      0       
5       32      32      0       
6       64      64      0       
7       128     128     0       
8       256     256     0       
9       512     512     0       
10      1024    1024    0       
11      2048    2048    0       
12      4096    4090    6       
13      8180    8081    99      
14      16162   15547   615     
15      31094   28672   2422    
16      57344   49970   7374    
17      99940   81879   18061   
18      163758  126183  37575   
19      252366  181160  71206   
20      362320  242084  120236  
21      484168  311742  172426  
22      623484  397189  226295  
23      794378  484929  309449  
24      969858  537494  432364  
25      1074988 519664  555324  
26      1039328 444614  594714  
27      889228  347407  541821  
28      694814  244783  450031  
29      489566  147047  342519  
30      294094  70244   223850  
31      140488  24463   116025  
32      48926   5528    43398   
33      11056   680     10376   
34      1360    24      1336    
35      48      0       48      

Building pass
Time for building(us): 57453137
Loading rules from ../test/my_rules/my_ipc1_1k
942 rules loaded

Estimate before updating
Overlap density = 238.094574 321.788513 51.085014 57.650372 4.775771 
Meet = 224047 302803 48071 54249 4494 
Meet num = 633664
Average seg depth = 23.621580
Average density(by meet) = 246.798859
Updating rule num = 942
Base operation = 1.000000 
Adapted factor = 10.000000 
Estimated time:2324845.250000 
Estimating pass
Time for estimating(us): 239343

Updating

worst_depth = 45
average_depth = 26.243361
tree_node_num = 5991575
leaf_node_num = 5991576
total_memory = 95865208
depth   node    intrnl  leaf
0       1       1       0       
1       2       2       0       
2       4       4       0       
3       8       8       0       
4       16      16      0       
5       32      32      0       
6       64      64      0       
7       128     128     0       
8       256     256     0       
9       512     512     0       
10      1024    1024    0       
11      2048    2048    0       
12      4096    4094    2       
13      8188    8132    56      
14      16264   15838   426     
15      31676   29827   1849    
16      59654   53406   6248    
17      106812  90386   16426   
18      180772  144680  36092   
19      289360  216039  73321   
20      432078  298901  133177  
21      597802  392127  205675  
22      784254  499817  284437  
23      999634  611363  388271  
24      1222726 693646  529080  
25      1387292 704817  682475  
26      1409634 646149  763485  
27      1292298 542412  749886  
28      1084824 414196  670628  
29      828392  281146  547246  
30      562292  166531  395761  
31      333062  87704   245358  
32      175408  43730   131678  
33      87460   21785   65675   
34      43570   10781   32789   
35      21562   5300    16262   
36      10600   2500    8100    
37      5000    1157    3843    
38      2314    548     1766    
39      1096    262     834     
40      524     119     405     
41      238     54      184     
42      108     21      87      
43      42      9       33      
44      18      3       15      
45      6       0       6       

Updating pass
Time for updating(us): 2589343
****************************** end *********************************
alogrithm_0_5k
****************************** start *********************************
Note: estimator has been enabled!

Loading rule
Loading rules from ../test/rules/ipc1_10K
9037 rules loaded

Estimate before building
Overlap density = 175.450867 253.230087 51.712261 55.397411 4.650841 
Distribute = 2807 4866 64 99 14 
Average density = 220.836594 
Building rule num = 9037 
Estimated time:19957002.000000 
Estimating pass
Time for estimating(us): 2064956

Building
segment_num = 2807 4866 64 99 14 

segment_total = 1211595694848
worst_depth = 35
average_depth = 25.621574
tree_node_num = 4277569
leaf_node_num = 4277570
total_memory = 68441112
depth   node    intrnl  leaf
0       1       1       0       
1       2       2       0       
2       4       4       0       
3       8       8       0       
4       16      16      0       
5       32      32      0       
6       64      64      0       
7       128     128     0       
8       256     256     0       
9       512     512     0       
10      1024    1024    0       
11      2048    2048    0       
12      4096    4090    6       
13      8180    8081    99      
14      16162   15547   615     
15      31094   28672   2422    
16      57344   49970   7374    
17      99940   81879   18061   
18      163758  126183  37575   
19      252366  181160  71206   
20      362320  242084  120236  
21      484168  311742  172426  
22      623484  397189  226295  
23      794378  484929  309449  
24      969858  537494  432364  
25      1074988 519664  555324  
26      1039328 444614  594714  
27      889228  347407  541821  
28      694814  244783  450031  
29      489566  147047  342519  
30      294094  70244   223850  
31      140488  24463   116025  
32      48926   5528    43398   
33      11056   680     10376   
34      1360    24      1336    
35      48      0       48      

Building pass
Time for building(us): 57387604
Loading rules from ../test/my_rules/my_ipc1_5k
4340 rules loaded

Estimate before updating
Overlap density = 285.907593 350.612579 50.508411 55.924175 4.529154 
Meet = 1240553 1521308 219156 242655 19652 
Meet num = 3243324
Average seg depth = 23.621580
Average density(by meet) = 281.440186
Updating rule num = 4340
Base operation = 1.000000 
Adapted factor = 10.000000 
Estimated time:12214504.000000 
Estimating pass
Time for estimating(us): 994479

Updating

worst_depth = 57
average_depth = 29.495687
tree_node_num = 18575388
leaf_node_num = 18575389
total_memory = 297206216
depth   node    intrnl  leaf
0       1       1       0       
1       2       2       0       
2       4       4       0       
3       8       8       0       
4       16      16      0       
5       32      32      0       
6       64      64      0       
7       128     128     0       
8       256     256     0       
9       512     512     0       
10      1024    1024    0       
11      2048    2048    0       
12      4096    4094    2       
13      8188    8138    50      
14      16276   15904   372     
15      31808   30129   1679    
16      60258   54676   5582    
17      109352  94907   14445   
18      189814  159276  30538   
19      318552  255206  63346   
20      510412  383996  126416  
21      767992  547144  220848  
22      1094288 757355  336933  
23      1514710 1033596 481114  
24      2067192 1357640 709552  
25      2715280 1637103 1078177 
26      3274206 1780859 1493347 
27      3561718 1770078 1791640 
28      3540156 1637816 1902340 
29      3275632 1441159 1834473 
30      2882318 1224404 1657914 
31      2448808 1016329 1432479 
32      2032658 824427  1208231 
33      1648854 652567  996287  
34      1305134 505040  800094  
35      1010080 384442  625638  
36      768884  288971  479913  
37      577942  213591  364351  
38      427182  154395  272787  
39      308790  108896  199894  
40      217792  75590   142202  
41      151180  51808   99372   
42      103616  35001   68615   
43      70002   23300   46702   
44      46600   15429   31171   
45      30858   10132   20726   
46      20264   6621    13643   
47      13242   4262    8980    
48      8524    2774    5750    
49      5548    1829    3719    
50      3658    1151    2507    
51      2302    659     1643    
52      1318    342     976     
53      684     160     524     
54      320     70      250     
55      140     23      117     
56      46      4       42      
57      8       0       8       

Updating pass
Time for updating(us): 16712692
****************************** end *********************************
alogrithm_0_7k
****************************** start *********************************
Note: estimator has been enabled!

Loading rule
Loading rules from ../test/rules/ipc1_10K
9037 rules loaded

Estimate before building
Overlap density = 175.450867 253.230087 51.712261 55.397411 4.650841 
Distribute = 2807 4866 64 99 14 
Average density = 220.836594 
Building rule num = 9037 
Estimated time:19957002.000000 
Estimating pass
Time for estimating(us): 2054952

Building
segment_num = 2807 4866 64 99 14 

segment_total = 1211595694848
worst_depth = 35
average_depth = 25.621574
tree_node_num = 4277569
leaf_node_num = 4277570
total_memory = 68441112
depth   node    intrnl  leaf
0       1       1       0       
1       2       2       0       
2       4       4       0       
3       8       8       0       
4       16      16      0       
5       32      32      0       
6       64      64      0       
7       128     128     0       
8       256     256     0       
9       512     512     0       
10      1024    1024    0       
11      2048    2048    0       
12      4096    4090    6       
13      8180    8081    99      
14      16162   15547   615     
15      31094   28672   2422    
16      57344   49970   7374    
17      99940   81879   18061   
18      163758  126183  37575   
19      252366  181160  71206   
20      362320  242084  120236  
21      484168  311742  172426  
22      623484  397189  226295  
23      794378  484929  309449  
24      969858  537494  432364  
25      1074988 519664  555324  
26      1039328 444614  594714  
27      889228  347407  541821  
28      694814  244783  450031  
29      489566  147047  342519  
30      294094  70244   223850  
31      140488  24463   116025  
32      48926   5528    43398   
33      11056   680     10376   
34      1360    24      1336    
35      48      0       48      

Building pass
Time for building(us): 57361795
Loading rules from ../test/my_rules/my_ipc1_7k
6188 rules loaded

Estimate before updating
Overlap density = 302.982208 362.075958 50.368515 57.082432 4.654275 
Meet = 1874551 2240164 311630 353169 28796 
Meet num = 4808310
Average seg depth = 23.621580
Average density(by meet) = 294.293640
Updating rule num = 6188
Base operation = 1.000000 
Adapted factor = 10.000000 
Estimated time:18210890.000000 
Estimating pass
Time for estimating(us): 1388677

Updating

worst_depth = 65
average_depth = 30.839163
tree_node_num = 26791088
leaf_node_num = 26791089
total_memory = 428657416
depth   node    intrnl  leaf
0       1       1       0       
1       2       2       0       
2       4       4       0       
3       8       8       0       
4       16      16      0       
5       32      32      0       
6       64      64      0       
7       128     128     0       
8       256     256     0       
9       512     512     0       
10      1024    1024    0       
11      2048    2048    0       
12      4096    4095    1       
13      8190    8163    27      
14      16326   16056   270     
15      32112   30754   1358    
16      61508   56514   4994    
17      113028  99367   13661   
18      198734  168320  30414   
19      336640  271917  64723   
20      543834  414567  129267  
21      829134  602242  226892  
22      1204484 851823  352661  
23      1703646 1180623 523023  
24      2361246 1565163 796083  
25      3130326 1917393 1212933 
26      3834786 2158629 1676157 
27      4317258 2260452 2056806 
28      4520904 2222270 2298634 
29      4444540 2073069 2371471 
30      4146138 1861283 2284855 
31      3722566 1636551 2086015 
32      3273102 1416749 1856353 
33      2833498 1206619 1626879 
34      2413238 1010465 1402773 
35      2020930 830301  1190629 
36      1660602 670221  990381  
37      1340442 533184  807258  
38      1066368 419249  647119  
39      838498  326695  511803  
40      653390  253110  400280  
41      506220  193910  312310  
42      387820  147010  240810  
43      294020  109902  184118  
44      219804  80495   139309  
45      160990  58262   102728  
46      116524  41600   74924   
47      83200   29159   54041   
48      58318   19932   38386   
49      39864   13539   26325   
50      27078   9196    17882   
51      18392   6318    12074   
52      12636   4275    8361    
53      8550    2788    5762    
54      5576    1806    3770    
55      3612    1158    2454    
56      2316    719     1597    
57      1438    446     992     
58      892     269     623     
59      538     167     371     
60      334     96      238     
61      192     52      140     
62      104     31      73      
63      62      15      47      
64      30      4       26      
65      8       0       8       

Updating pass
Time for updating(us): 28994889
****************************** end *********************************
alogrithm_0_10k
****************************** start *********************************
Note: estimator has been enabled!

Loading rule
Loading rules from ../test/rules/ipc1_10K
9037 rules loaded

Estimate before building
Overlap density = 175.450867 253.230087 51.712261 55.397411 4.650841 
Distribute = 2807 4866 64 99 14 
Average density = 220.836594 
Building rule num = 9037 
Estimated time:19957002.000000 
Estimating pass
Time for estimating(us): 2053357

Building
segment_num = 2807 4866 64 99 14 

segment_total = 1211595694848
worst_depth = 35
average_depth = 25.621574
tree_node_num = 4277569
leaf_node_num = 4277570
total_memory = 68441112
depth   node    intrnl  leaf
0       1       1       0       
1       2       2       0       
2       4       4       0       
3       8       8       0       
4       16      16      0       
5       32      32      0       
6       64      64      0       
7       128     128     0       
8       256     256     0       
9       512     512     0       
10      1024    1024    0       
11      2048    2048    0       
12      4096    4090    6       
13      8180    8081    99      
14      16162   15547   615     
15      31094   28672   2422    
16      57344   49970   7374    
17      99940   81879   18061   
18      163758  126183  37575   
19      252366  181160  71206   
20      362320  242084  120236  
21      484168  311742  172426  
22      623484  397189  226295  
23      794378  484929  309449  
24      969858  537494  432364  
25      1074988 519664  555324  
26      1039328 444614  594714  
27      889228  347407  541821  
28      694814  244783  450031  
29      489566  147047  342519  
30      294094  70244   223850  
31      140488  24463   116025  
32      48926   5528    43398   
33      11056   680     10376   
34      1360    24      1336    
35      48      0       48      

Building pass
Time for building(us): 57365796
Loading rules from ../test/my_rules/my_ipc1_10k
8837 rules loaded

Estimate before updating
Overlap density = 264.930054 370.412750 51.049458 55.501133 4.600385 
Meet = 2340922 3272967 451073 490408 40649 
Meet num = 6596019
Average seg depth = 23.621580
Average density(by meet) = 285.469421
Updating rule num = 8837
Base operation = 1.000000 
Adapted factor = 10.000000 
Estimated time:25226932.000000 
Estimating pass
Time for estimating(us): 1936289

Updating

worst_depth = 71
average_depth = 33.043812
tree_node_num = 44238072
leaf_node_num = 44238073
total_memory = 707809160
depth   node    intrnl  leaf
0       1       1       0       
1       2       2       0       
2       4       4       0       
3       8       8       0       
4       16      16      0       
5       32      32      0       
6       64      64      0       
7       128     128     0       
8       256     256     0       
9       512     512     0       
10      1024    1024    0       
11      2048    2048    0       
12      4096    4095    1       
13      8190    8172    18      
14      16344   16123   221     
15      32246   31084   1162    
16      62168   57738   4430    
17      115476  102516  12960   
18      205032  174730  30302   
19      349460  283387  66073   
20      566774  436645  130129  
21      873290  646676  226614  
22      1293352 932183  361169  
23      1864366 1317638 546728  
24      2635276 1798883 836393  
25      3597766 2300623 1297143 
26      4601246 2713970 1887276 
27      5427940 2965678 2462262 
28      5931356 3059042 2872314 
29      6118084 3039361 3078723 
30      6078722 2939234 3139488 
31      5878468 2781218 3097250 
32      5562436 2581731 2980705 
33      5163462 2355208 2808254 
34      4710416 2112326 2598090 
35      4224652 1863387 2361265 
36      3726774 1620903 2105871 
37      3241806 1395612 1846194 
38      2791224 1191264 1599960 
39      2382528 1008522 1374006 
40      2017044 847680  1169364 
41      1695360 705955  989405  
42      1411910 585414  826496  
43      1170828 483315  687513  
44      966630  397388  569242  
45      794776  325145  469631  
46      650290  264180  386110  
47      528360  212243  316117  
48      424486  168390  256096  
49      336780  131666  205114  
50      263332  101291  162041  
51      202582  76852   125730  
52      153704  57256   96448   
53      114512  42017   72495   
54      84034   30412   53622   
55      60824   21750   39074   
56      43500   15366   28134   
57      30732   10624   20108   
58      21248   7251    13997   
59      14502   4753    9749    
60      9506    3012    6494    
61      6024    1827    4197    
62      3654    1064    2590    
63      2128    596     1532    
64      1192    302     890     
65      604     148     456     
66      296     72      224     
67      144     37      107     
68      74      16      58      
69      32      5       27      
70      10      1       9       
71      2       0       2       

Updating pass
Time for updating(us): 52066798
****************************** end *********************************
