alogrithm_1_acl1
Note: estimator has been enabled!

Loading rule
Loading rules from ../test/p_rules/acl1
1835 rules loaded

Estimate before building
Tuple num = 32846
Rule num = 1835
Estimated time: -4791738.500000
Estimating pass
Time for estimating: 1044(us)

Building
tuple num = 80
hash items:1248
hash_overhead:117504 bytes; total memory:135812 bytes
Building pass
Time for building: 1161(us)
alogrithm_1_acl1_100
Note: estimator has been enabled!

Loading rule
Loading rules from ../test/p_rules/acl1_100
130 rules loaded

Estimate before building
Tuple num = 32793
Rule num = 130
Estimated time: -5334437.000000
Estimating pass
Time for estimating: 53(us)

Building
tuple num = 29
hash items:130
hash_overhead:23984 bytes; total memory:25846 bytes
Building pass
Time for building: 75(us)
alogrithm_1_acl1_1K
Note: estimator has been enabled!

Loading rule
Loading rules from ../test/p_rules/acl1_1K
1226 rules loaded

Estimate before building
Tuple num = 32835
Rule num = 1226
Estimated time: -4988293.000000
Estimating pass
Time for estimating: 273(us)

Building
tuple num = 69
hash items:1223
hash_overhead:109768 bytes; total memory:127507 bytes
Building pass
Time for building: 682(us)
alogrithm_1_acl1_10K
Note: estimator has been enabled!

Loading rule
Loading rules from ../test/p_rules/acl1_10K
12947 rules loaded

Estimate before building
Tuple num = 32874
Rule num = 12947
Estimated time: -1147467.000000
Estimating pass
Time for estimating: 2955(us)

Building
tuple num = 109
hash items:12931
hash_overhead:841192 bytes; total memory:1028542 bytes
Building pass
Time for building: 8260(us)
alogrithm_1_fw1
Note: estimator has been enabled!

Loading rule
Loading rules from ../test/p_rules/fw1
915 rules loaded

Estimate before building
Tuple num = 32986
Rule num = 915
Estimated time: -5138724.000000
Estimating pass
Time for estimating: 1578(us)

Building
tuple num = 222
hash items:915
hash_overhead:179112 bytes; total memory:191901 bytes
Building pass
Time for building: 1615(us)
alogrithm_1_fw1_100
Note: estimator has been enabled!

Loading rule
Loading rules from ../test/p_rules/fw1_100
303 rules loaded

Estimate before building
Tuple num = 32938
Rule num = 303
Estimated time: -5324921.500000
Estimating pass
Time for estimating: 373(us)

Building
tuple num = 174
hash items:303
hash_overhead:117192 bytes; total memory:121018 bytes
Building pass
Time for building: 455(us)
alogrithm_1_fw1_1K
Note: estimator has been enabled!

Loading rule
Loading rules from ../test/p_rules/fw1_1K
3307 rules loaded

Estimate before building
Tuple num = 32992
Rule num = 3307
Estimated time: -4351479.500000
Estimating pass
Time for estimating: 3697(us)

Building
tuple num = 225
hash items:3307
hash_overhead:316328 bytes; total memory:363815 bytes
Building pass
Time for building: 4330(us)
alogrithm_1_fw1_10K
Note: estimator has been enabled!

Loading rule
Loading rules from ../test/p_rules/fw1_10K
32136 rules loaded

Estimate before building
Tuple num = 33004
Rule num = 32136
Estimated time: 5159680.000000
Estimating pass
Time for estimating: 33632(us)

Building
tuple num = 238
hash items:32136
hash_overhead:2030400 bytes; total memory:2492422 bytes
Building pass
Time for building: 43386(us)
alogrithm_1_ipc1
Note: estimator has been enabled!

Loading rule
Loading rules from ../test/p_rules/ipc1
2180 rules loaded

Estimate before building
Tuple num = 33009
Rule num = 2180
Estimated time: -4728539.000000
Estimating pass
Time for estimating: 3116(us)

Building
tuple num = 244
hash items:2180
hash_overhead:263648 bytes; total memory:293985 bytes
Building pass
Time for building: 3023(us)
alogrithm_1_ipc1_100
Note: estimator has been enabled!

Loading rule
Loading rules from ../test/p_rules/ipc1_100
146 rules loaded

Estimate before building
Tuple num = 32821
Rule num = 146
Estimated time: -5338335.500000
Estimating pass
Time for estimating: 90(us)

Building
tuple num = 55
hash items:146
hash_overhead:39856 bytes; total memory:41839 bytes
Building pass
Time for building: 117(us)
alogrithm_1_ipc1_1K
Note: estimator has been enabled!

Loading rule
Loading rules from ../test/p_rules/ipc1_1K
1223 rules loaded

Estimate before building
Tuple num = 32953
Rule num = 1223
Estimated time: -5026650.500000
Estimating pass
Time for estimating: 953(us)

Building
tuple num = 186
hash items:1223
hash_overhead:175624 bytes; total memory:192433 bytes
Building pass
Time for building: 1367(us)
alogrithm_1_ipc1_10K
Note: estimator has been enabled!

Loading rule
Loading rules from ../test/p_rules/ipc1_10K
12127 rules loaded

Estimate before building
Tuple num = 33077
Rule num = 12127
Estimated time: -1459357.250000
Estimating pass
Time for estimating: 12307(us)

Building
tuple num = 310
hash items:12127
hash_overhead:883272 bytes; total memory:1051692 bytes
Building pass
Time for building: 17464(us)
